{
  "G:/projects/VocalMind/frontend/src/app/components/layouts/ManagerLayout.tsx": {
    "path": "G:/projects/VocalMind/frontend/src/app/components/layouts/ManagerLayout.tsx",
    "statementMap": {
      "0": {
        "start": {
          "line": 3,
          "column": 20
        },
        "end": {
          "line": 3,
          "column": 97
        }
      },
      "1": {
        "start": {
          "line": 6,
          "column": 0
        },
        "end": {
          "line": 16,
          "column": 1
        }
      },
      "2": {
        "start": {
          "line": 7,
          "column": 2
        },
        "end": {
          "line": 11,
          "column": 3
        }
      },
      "3": {
        "start": {
          "line": 8,
          "column": 4
        },
        "end": {
          "line": 10,
          "column": 6
        }
      },
      "4": {
        "start": {
          "line": 12,
          "column": 2
        },
        "end": {
          "line": 12,
          "column": 39
        }
      },
      "5": {
        "start": {
          "line": 13,
          "column": 2
        },
        "end": {
          "line": 13,
          "column": 39
        }
      },
      "6": {
        "start": {
          "line": 14,
          "column": 2
        },
        "end": {
          "line": 14,
          "column": 132
        }
      },
      "7": {
        "start": {
          "line": 15,
          "column": 2
        },
        "end": {
          "line": 15,
          "column": 75
        }
      },
      "8": {
        "start": {
          "line": 17,
          "column": 9
        },
        "end": {
          "line": 17,
          "column": 23
        }
      },
      "9": {
        "start": {
          "line": 33,
          "column": 2
        },
        "end": {
          "line": 33,
          "column": 7
        }
      },
      "10": {
        "start": {
          "line": 34,
          "column": 36
        },
        "end": {
          "line": 34,
          "column": 51
        }
      },
      "11": {
        "start": {
          "line": 35,
          "column": 19
        },
        "end": {
          "line": 35,
          "column": 32
        }
      },
      "12": {
        "start": {
          "line": 36,
          "column": 19
        },
        "end": {
          "line": 42,
          "column": 3
        }
      },
      "13": {
        "start": {
          "line": 43,
          "column": 23
        },
        "end": {
          "line": 50,
          "column": 3
        }
      },
      "14": {
        "start": {
          "line": 44,
          "column": 4
        },
        "end": {
          "line": 44,
          "column": 61
        }
      },
      "15": {
        "start": {
          "line": 44,
          "column": 42
        },
        "end": {
          "line": 44,
          "column": 61
        }
      },
      "16": {
        "start": {
          "line": 45,
          "column": 4
        },
        "end": {
          "line": 45,
          "column": 130
        }
      },
      "17": {
        "start": {
          "line": 45,
          "column": 103
        },
        "end": {
          "line": 45,
          "column": 130
        }
      },
      "18": {
        "start": {
          "line": 46,
          "column": 4
        },
        "end": {
          "line": 46,
          "column": 71
        }
      },
      "19": {
        "start": {
          "line": 46,
          "column": 50
        },
        "end": {
          "line": 46,
          "column": 71
        }
      },
      "20": {
        "start": {
          "line": 47,
          "column": 4
        },
        "end": {
          "line": 47,
          "column": 76
        }
      },
      "21": {
        "start": {
          "line": 47,
          "column": 49
        },
        "end": {
          "line": 47,
          "column": 76
        }
      },
      "22": {
        "start": {
          "line": 48,
          "column": 4
        },
        "end": {
          "line": 48,
          "column": 73
        }
      },
      "23": {
        "start": {
          "line": 48,
          "column": 49
        },
        "end": {
          "line": 48,
          "column": 73
        }
      },
      "24": {
        "start": {
          "line": 49,
          "column": 4
        },
        "end": {
          "line": 49,
          "column": 23
        }
      },
      "25": {
        "start": {
          "line": 51,
          "column": 2
        },
        "end": {
          "line": 277,
          "column": 11
        }
      },
      "26": {
        "start": {
          "line": 102,
          "column": 25
        },
        "end": {
          "line": 102,
          "column": 34
        }
      },
      "27": {
        "start": {
          "line": 103,
          "column": 29
        },
        "end": {
          "line": 103,
          "column": 150
        }
      },
      "28": {
        "start": {
          "line": 104,
          "column": 12
        },
        "end": {
          "line": 130,
          "column": 14
        }
      },
      "29": {
        "start": {
          "line": 140,
          "column": 31
        },
        "end": {
          "line": 140,
          "column": 55
        }
      },
      "30": {
        "start": {
          "line": 279,
          "column": 0
        },
        "end": {
          "line": 281,
          "column": 3
        }
      },
      "31": {
        "start": {
          "line": 280,
          "column": 2
        },
        "end": {
          "line": 280,
          "column": 23
        }
      },
      "32": {
        "start": {
          "line": 282,
          "column": 0
        },
        "end": {
          "line": 282,
          "column": 19
        }
      },
      "33": {
        "start": {
          "line": 284,
          "column": 0
        },
        "end": {
          "line": 284,
          "column": 34
        }
      },
      "34": {
        "start": {
          "line": 285,
          "column": 0
        },
        "end": {
          "line": 288,
          "column": 1
        }
      },
      "35": {
        "start": {
          "line": 286,
          "column": 2
        },
        "end": {
          "line": 286,
          "column": 39
        }
      },
      "36": {
        "start": {
          "line": 287,
          "column": 2
        },
        "end": {
          "line": 287,
          "column": 39
        }
      },
      "37": {
        "start": {
          "line": 289,
          "column": 0
        },
        "end": {
          "line": 298,
          "column": 1
        }
      },
      "38": {
        "start": {
          "line": 290,
          "column": 2
        },
        "end": {
          "line": 297,
          "column": 5
        }
      },
      "39": {
        "start": {
          "line": 291,
          "column": 4
        },
        "end": {
          "line": 291,
          "column": 145
        }
      },
      "40": {
        "start": {
          "line": 292,
          "column": 4
        },
        "end": {
          "line": 296,
          "column": 7
        }
      },
      "41": {
        "start": {
          "line": 293,
          "column": 6
        },
        "end": {
          "line": 293,
          "column": 31
        }
      },
      "42": {
        "start": {
          "line": 293,
          "column": 24
        },
        "end": {
          "line": 293,
          "column": 31
        }
      },
      "43": {
        "start": {
          "line": 294,
          "column": 32
        },
        "end": {
          "line": 294,
          "column": 194
        }
      },
      "44": {
        "start": {
          "line": 295,
          "column": 6
        },
        "end": {
          "line": 295,
          "column": 75
        }
      },
      "45": {
        "start": {
          "line": 295,
          "column": 29
        },
        "end": {
          "line": 295,
          "column": 75
        }
      }
    },
    "fnMap": {
      "0": {
        "name": "ManagerLayout",
        "decl": {
          "start": {
            "line": 32,
            "column": 16
          },
          "end": {
            "line": 32,
            "column": 29
          }
        },
        "loc": {
          "start": {
            "line": 32,
            "column": 32
          },
          "end": {
            "line": 278,
            "column": 1
          }
        },
        "line": 32
      },
      "1": {
        "name": "(anonymous_1)",
        "decl": {
          "start": {
            "line": 43,
            "column": 23
          },
          "end": {
            "line": 43,
            "column": 24
          }
        },
        "loc": {
          "start": {
            "line": 43,
            "column": 29
          },
          "end": {
            "line": 50,
            "column": 3
          }
        },
        "line": 43
      },
      "2": {
        "name": "(anonymous_2)",
        "decl": {
          "start": {
            "line": 101,
            "column": 106
          },
          "end": {
            "line": 101,
            "column": 107
          }
        },
        "loc": {
          "start": {
            "line": 101,
            "column": 116
          },
          "end": {
            "line": 131,
            "column": 11
          }
        },
        "line": 101
      },
      "3": {
        "name": "(anonymous_3)",
        "decl": {
          "start": {
            "line": 140,
            "column": 25
          },
          "end": {
            "line": 140,
            "column": 26
          }
        },
        "loc": {
          "start": {
            "line": 140,
            "column": 31
          },
          "end": {
            "line": 140,
            "column": 55
          }
        },
        "line": 140
      },
      "4": {
        "name": "(anonymous_4)",
        "decl": {
          "start": {
            "line": 279,
            "column": 57
          },
          "end": {
            "line": 279,
            "column": 58
          }
        },
        "loc": {
          "start": {
            "line": 279,
            "column": 68
          },
          "end": {
            "line": 281,
            "column": 1
          }
        },
        "line": 279
      },
      "5": {
        "name": "(anonymous_5)",
        "decl": {
          "start": {
            "line": 290,
            "column": 52
          },
          "end": {
            "line": 290,
            "column": 53
          }
        },
        "loc": {
          "start": {
            "line": 290,
            "column": 72
          },
          "end": {
            "line": 297,
            "column": 3
          }
        },
        "line": 290
      },
      "6": {
        "name": "(anonymous_6)",
        "decl": {
          "start": {
            "line": 292,
            "column": 27
          },
          "end": {
            "line": 292,
            "column": 28
          }
        },
        "loc": {
          "start": {
            "line": 292,
            "column": 44
          },
          "end": {
            "line": 296,
            "column": 5
          }
        },
        "line": 292
      }
    },
    "branchMap": {
      "0": {
        "loc": {
          "start": {
            "line": 3,
            "column": 20
          },
          "end": {
            "line": 3,
            "column": 97
          }
        },
        "type": "binary-expr",
        "locations": [
          {
            "start": {
              "line": 3,
              "column": 20
            },
            "end": {
              "line": 3,
              "column": 60
            }
          },
          {
            "start": {
              "line": 3,
              "column": 64
            },
            "end": {
              "line": 3,
              "column": 97
            }
          }
        ],
        "line": 3
      },
      "1": {
        "loc": {
          "start": {
            "line": 6,
            "column": 0
          },
          "end": {
            "line": 16,
            "column": 1
          }
        },
        "type": "if",
        "locations": [
          {
            "start": {
              "line": 6,
              "column": 0
            },
            "end": {
              "line": 16,
              "column": 1
            }
          },
          {
            "start": {},
            "end": {}
          }
        ],
        "line": 6
      },
      "2": {
        "loc": {
          "start": {
            "line": 6,
            "column": 4
          },
          "end": {
            "line": 6,
            "column": 35
          }
        },
        "type": "binary-expr",
        "locations": [
          {
            "start": {
              "line": 6,
              "column": 4
            },
            "end": {
              "line": 6,
              "column": 19
            }
          },
          {
            "start": {
              "line": 6,
              "column": 23
            },
            "end": {
              "line": 6,
              "column": 35
            }
          }
        ],
        "line": 6
      },
      "3": {
        "loc": {
          "start": {
            "line": 7,
            "column": 2
          },
          "end": {
            "line": 11,
            "column": 3
          }
        },
        "type": "if",
        "locations": [
          {
            "start": {
              "line": 7,
              "column": 2
            },
            "end": {
              "line": 11,
              "column": 3
            }
          },
          {
            "start": {},
            "end": {}
          }
        ],
        "line": 7
      },
      "4": {
        "loc": {
          "start": {
            "line": 44,
            "column": 4
          },
          "end": {
            "line": 44,
            "column": 61
          }
        },
        "type": "if",
        "locations": [
          {
            "start": {
              "line": 44,
              "column": 4
            },
            "end": {
              "line": 44,
              "column": 61
            }
          },
          {
            "start": {},
            "end": {}
          }
        ],
        "line": 44
      },
      "5": {
        "loc": {
          "start": {
            "line": 45,
            "column": 4
          },
          "end": {
            "line": 45,
            "column": 130
          }
        },
        "type": "if",
        "locations": [
          {
            "start": {
              "line": 45,
              "column": 4
            },
            "end": {
              "line": 45,
              "column": 130
            }
          },
          {
            "start": {},
            "end": {}
          }
        ],
        "line": 45
      },
      "6": {
        "loc": {
          "start": {
            "line": 45,
            "column": 8
          },
          "end": {
            "line": 45,
            "column": 101
          }
        },
        "type": "binary-expr",
        "locations": [
          {
            "start": {
              "line": 45,
              "column": 8
            },
            "end": {
              "line": 45,
              "column": 47
            }
          },
          {
            "start": {
              "line": 45,
              "column": 51
            },
            "end": {
              "line": 45,
              "column": 101
            }
          }
        ],
        "line": 45
      },
      "7": {
        "loc": {
          "start": {
            "line": 46,
            "column": 4
          },
          "end": {
            "line": 46,
            "column": 71
          }
        },
        "type": "if",
        "locations": [
          {
            "start": {
              "line": 46,
              "column": 4
            },
            "end": {
              "line": 46,
              "column": 71
            }
          },
          {
            "start": {},
            "end": {}
          }
        ],
        "line": 46
      },
      "8": {
        "loc": {
          "start": {
            "line": 47,
            "column": 4
          },
          "end": {
            "line": 47,
            "column": 76
          }
        },
        "type": "if",
        "locations": [
          {
            "start": {
              "line": 47,
              "column": 4
            },
            "end": {
              "line": 47,
              "column": 76
            }
          },
          {
            "start": {},
            "end": {}
          }
        ],
        "line": 47
      },
      "9": {
        "loc": {
          "start": {
            "line": 48,
            "column": 4
          },
          "end": {
            "line": 48,
            "column": 73
          }
        },
        "type": "if",
        "locations": [
          {
            "start": {
              "line": 48,
              "column": 4
            },
            "end": {
              "line": 48,
              "column": 73
            }
          },
          {
            "start": {},
            "end": {}
          }
        ],
        "line": 48
      },
      "10": {
        "loc": {
          "start": {
            "line": 55,
            "column": 22
          },
          "end": {
            "line": 55,
            "column": 58
          }
        },
        "type": "cond-expr",
        "locations": [
          {
            "start": {
              "line": 55,
              "column": 34
            },
            "end": {
              "line": 55,
              "column": 44
            }
          },
          {
            "start": {
              "line": 55,
              "column": 47
            },
            "end": {
              "line": 55,
              "column": 58
            }
          }
        ],
        "line": 55
      },
      "11": {
        "loc": {
          "start": {
            "line": 67,
            "column": 12
          },
          "end": {
            "line": 71,
            "column": 20
          }
        },
        "type": "binary-expr",
        "locations": [
          {
            "start": {
              "line": 67,
              "column": 12
            },
            "end": {
              "line": 67,
              "column": 22
            }
          },
          {
            "start": {
              "line": 67,
              "column": 42
            },
            "end": {
              "line": 71,
              "column": 20
            }
          }
        ],
        "line": 67
      },
      "12": {
        "loc": {
          "start": {
            "line": 81,
            "column": 10
          },
          "end": {
            "line": 100,
            "column": 18
          }
        },
        "type": "binary-expr",
        "locations": [
          {
            "start": {
              "line": 81,
              "column": 10
            },
            "end": {
              "line": 81,
              "column": 20
            }
          },
          {
            "start": {
              "line": 81,
              "column": 40
            },
            "end": {
              "line": 100,
              "column": 18
            }
          }
        ],
        "line": 81
      },
      "13": {
        "loc": {
          "start": {
            "line": 103,
            "column": 29
          },
          "end": {
            "line": 103,
            "column": 150
          }
        },
        "type": "binary-expr",
        "locations": [
          {
            "start": {
              "line": 103,
              "column": 29
            },
            "end": {
              "line": 103,
              "column": 60
            }
          },
          {
            "start": {
              "line": 103,
              "column": 64
            },
            "end": {
              "line": 103,
              "column": 98
            }
          },
          {
            "start": {
              "line": 103,
              "column": 102
            },
            "end": {
              "line": 103,
              "column": 150
            }
          }
        ],
        "line": 103
      },
      "14": {
        "loc": {
          "start": {
            "line": 108,
            "column": 90
          },
          "end": {
            "line": 108,
            "column": 215
          }
        },
        "type": "cond-expr",
        "locations": [
          {
            "start": {
              "line": 108,
              "column": 101
            },
            "end": {
              "line": 108,
              "column": 156
            }
          },
          {
            "start": {
              "line": 108,
              "column": 159
            },
            "end": {
              "line": 108,
              "column": 215
            }
          }
        ],
        "line": 108
      },
      "15": {
        "loc": {
          "start": {
            "line": 115,
            "column": 18
          },
          "end": {
            "line": 119,
            "column": 26
          }
        },
        "type": "binary-expr",
        "locations": [
          {
            "start": {
              "line": 115,
              "column": 18
            },
            "end": {
              "line": 115,
              "column": 28
            }
          },
          {
            "start": {
              "line": 115,
              "column": 48
            },
            "end": {
              "line": 119,
              "column": 26
            }
          }
        ],
        "line": 115
      },
      "16": {
        "loc": {
          "start": {
            "line": 142,
            "column": 26
          },
          "end": {
            "line": 150,
            "column": 24
          }
        },
        "type": "cond-expr",
        "locations": [
          {
            "start": {
              "line": 142,
              "column": 54
            },
            "end": {
              "line": 146,
              "column": 24
            }
          },
          {
            "start": {
              "line": 146,
              "column": 43
            },
            "end": {
              "line": 150,
              "column": 24
            }
          }
        ],
        "line": 142
      },
      "17": {
        "loc": {
          "start": {
            "line": 161,
            "column": 12
          },
          "end": {
            "line": 187,
            "column": 20
          }
        },
        "type": "binary-expr",
        "locations": [
          {
            "start": {
              "line": 161,
              "column": 12
            },
            "end": {
              "line": 161,
              "column": 22
            }
          },
          {
            "start": {
              "line": 161,
              "column": 42
            },
            "end": {
              "line": 187,
              "column": 20
            }
          }
        ],
        "line": 161
      },
      "18": {
        "loc": {
          "start": {
            "line": 285,
            "column": 0
          },
          "end": {
            "line": 288,
            "column": 1
          }
        },
        "type": "if",
        "locations": [
          {
            "start": {
              "line": 285,
              "column": 0
            },
            "end": {
              "line": 288,
              "column": 1
            }
          },
          {
            "start": {},
            "end": {}
          }
        ],
        "line": 285
      },
      "19": {
        "loc": {
          "start": {
            "line": 285,
            "column": 4
          },
          "end": {
            "line": 285,
            "column": 35
          }
        },
        "type": "binary-expr",
        "locations": [
          {
            "start": {
              "line": 285,
              "column": 4
            },
            "end": {
              "line": 285,
              "column": 19
            }
          },
          {
            "start": {
              "line": 285,
              "column": 23
            },
            "end": {
              "line": 285,
              "column": 35
            }
          }
        ],
        "line": 285
      },
      "20": {
        "loc": {
          "start": {
            "line": 289,
            "column": 0
          },
          "end": {
            "line": 298,
            "column": 1
          }
        },
        "type": "if",
        "locations": [
          {
            "start": {
              "line": 289,
              "column": 0
            },
            "end": {
              "line": 298,
              "column": 1
            }
          },
          {
            "start": {},
            "end": {}
          }
        ],
        "line": 289
      },
      "21": {
        "loc": {
          "start": {
            "line": 289,
            "column": 4
          },
          "end": {
            "line": 289,
            "column": 35
          }
        },
        "type": "binary-expr",
        "locations": [
          {
            "start": {
              "line": 289,
              "column": 4
            },
            "end": {
              "line": 289,
              "column": 19
            }
          },
          {
            "start": {
              "line": 289,
              "column": 23
            },
            "end": {
              "line": 289,
              "column": 35
            }
          }
        ],
        "line": 289
      },
      "22": {
        "loc": {
          "start": {
            "line": 293,
            "column": 6
          },
          "end": {
            "line": 293,
            "column": 31
          }
        },
        "type": "if",
        "locations": [
          {
            "start": {
              "line": 293,
              "column": 6
            },
            "end": {
              "line": 293,
              "column": 31
            }
          },
          {
            "start": {},
            "end": {}
          }
        ],
        "line": 293
      },
      "23": {
        "loc": {
          "start": {
            "line": 295,
            "column": 6
          },
          "end": {
            "line": 295,
            "column": 75
          }
        },
        "type": "if",
        "locations": [
          {
            "start": {
              "line": 295,
              "column": 6
            },
            "end": {
              "line": 295,
              "column": 75
            }
          },
          {
            "start": {},
            "end": {}
          }
        ],
        "line": 295
      }
    },
    "s": {
      "0": 390,
      "1": 390,
      "2": 390,
      "3": 0,
      "4": 390,
      "5": 390,
      "6": 390,
      "7": 390,
      "8": 390,
      "9": 300,
      "10": 300,
      "11": 300,
      "12": 300,
      "13": 300,
      "14": 300,
      "15": 80,
      "16": 220,
      "17": 50,
      "18": 170,
      "19": 65,
      "20": 105,
      "21": 50,
      "22": 55,
      "23": 55,
      "24": 0,
      "25": 300,
      "26": 1500,
      "27": 1500,
      "28": 1500,
      "29": 10,
      "30": 390,
      "31": 260,
      "32": 390,
      "33": 390,
      "34": 390,
      "35": 390,
      "36": 390,
      "37": 390,
      "38": 390,
      "39": 390,
      "40": 390,
      "41": 0,
      "42": 0,
      "43": 0,
      "44": 0,
      "45": 0
    },
    "f": {
      "0": 300,
      "1": 300,
      "2": 1500,
      "3": 10,
      "4": 260,
      "5": 390,
      "6": 0
    },
    "b": {
      "0": [
        390,
        0
      ],
      "1": [
        390,
        0
      ],
      "2": [
        390,
        390
      ],
      "3": [
        0,
        390
      ],
      "4": [
        80,
        220
      ],
      "5": [
        50,
        170
      ],
      "6": [
        220,
        115
      ],
      "7": [
        65,
        105
      ],
      "8": [
        50,
        55
      ],
      "9": [
        55,
        0
      ],
      "10": [
        5,
        295
      ],
      "11": [
        300,
        295
      ],
      "12": [
        300,
        295
      ],
      "13": [
        1500,
        1265,
        250
      ],
      "14": [
        300,
        1200
      ],
      "15": [
        1500,
        1475
      ],
      "16": [
        5,
        295
      ],
      "17": [
        300,
        295
      ],
      "18": [
        390,
        0
      ],
      "19": [
        390,
        390
      ],
      "20": [
        390,
        0
      ],
      "21": [
        390,
        390
      ],
      "22": [
        0,
        0
      ],
      "23": [
        0,
        0
      ]
    },
    "inputSourceMap": {
      "version": 3,
      "mappings": "AAgDc;;;;;;;;;;;;;;;;;AAhDd,SAASA,QAAQC,MAAMC,mBAAmB;AAC1C,SAASC,gBAAgB;AACzB;AAAA,EACEC;AAAAA,EACAC;AAAAA,EACAC;AAAAA,EACAC;AAAAA,EACAC;AAAAA,EACAC;AAAAA,EACAC;AAAAA,EACAC;AAAAA,EACAC;AAAAA,EACAC;AAAAA,OACK;AAEA,gBAASC,gBAAgB;AAAAC,KAAA;AAC9B,QAAM,CAACC,WAAWC,YAAY,IAAId,SAAS,KAAK;AAChD,QAAMe,WAAWhB,YAAY;AAE7B,QAAMiB,WAAW;AAAA,IACf,EAAEC,MAAMf,iBAAiBgB,OAAO,aAAaC,MAAM,WAAW;AAAA,IAC9D,EAAEF,MAAMd,QAAQe,OAAO,qBAAqBC,MAAM,qBAAqB;AAAA,IACvE,EAAEF,MAAMb,eAAec,OAAO,qBAAqBC,MAAM,qBAAqB;AAAA,IAC9E,EAAEF,MAAMZ,UAAUa,OAAO,kBAAkBC,MAAM,qBAAqB;AAAA,IACtE,EAAEF,MAAMX,UAAUY,OAAO,YAAYC,MAAM,oBAAoB;AAAA,EAAC;AAGlE,QAAMC,eAAeA,MAAM;AACzB,QAAIL,SAASM,aAAa,WAAY,QAAO;AAC7C,QAAIN,SAASM,SAASC,SAAS,WAAW,KAAK,CAACP,SAASM,SAASC,SAAS,qBAAqB,EAAG,QAAO;AAC1G,QAAIP,SAASM,SAASC,SAAS,YAAY,EAAG,QAAO;AACrD,QAAIP,SAASM,SAASC,SAAS,WAAW,EAAG,QAAO;AACpD,QAAIP,SAASM,SAASC,SAAS,WAAW,EAAG,QAAO;AACpD,WAAO;AAAA,EACT;AAEA,SACE,uBAAC,SAAI,WAAU,8BAEb;AAAA;AAAA,MAAC;AAAA;AAAA,QACC,WAAW,GACTT,YAAY,aAAa,WAAW;AAAA,QAItC;AAAA,iCAAC,SAAI,WAAU,yDACb,iCAAC,SAAI,WAAU,2BACb;AAAA,mCAAC,SAAI,WAAU,kFACb,iCAAC,OAAI,WAAU,kCAAf;AAAA;AAAA;AAAA;AAAA,mBAA6C,KAD/C;AAAA;AAAA;AAAA;AAAA,mBAEA;AAAA,YACC,CAACA,aACA,uBAAC,UAAK,WAAU,gCAA+B,OAAO,EAAEU,YAAY,mBAAmB,GAAG,yBAA1F;AAAA;AAAA;AAAA;AAAA,mBAEA;AAAA,eAPJ;AAAA;AAAA;AAAA;AAAA,iBASA,KAVF;AAAA;AAAA;AAAA;AAAA,iBAWA;AAAA,UAGC,CAACV,aACA,uBAAC,SAAI,WAAU,aACb,iCAAC,SAAI,WAAU,uDACb;AAAA,mCAAC,SAAI,WAAU,mDAAkD,8BAAjE;AAAA;AAAA;AAAA;AAAA,mBAEA;AAAA,YACA,uBAAC,SAAI,WAAU,8BAA6B,+BAA5C;AAAA;AAAA;AAAA;AAAA,mBAEA;AAAA,eANF;AAAA;AAAA;AAAA;AAAA,iBAOA,KARF;AAAA;AAAA;AAAA;AAAA,iBASA;AAAA,UAIF,uBAAC,SAAI,WAAU,8BACZG,mBAASQ,IAAI,CAACC,SAAS;AACtB,kBAAMC,OAAOD,KAAKR;AAClB,kBAAMU,WAAWZ,SAASM,aAAaI,KAAKN,QACzCM,KAAKN,SAAS,wBAAwBJ,SAASM,SAASC,SAAS,oBAAoB;AAExF,mBACE;AAAA,cAAC;AAAA;AAAA,gBAEC,IAAIG,KAAKN;AAAAA,gBACT,WAAW,+DACTQ,WACI,0DACA,wDAAwD;AAAA,gBAG9D;AAAA,yCAAC,QAAK,WAAU,qCAAhB;AAAA;AAAA;AAAA;AAAA,yBAAiD;AAAA,kBAChD,CAACd,aACA,uBAAC,UAAK,WAAU,2BACbY,eAAKP,SADR;AAAA;AAAA;AAAA;AAAA,yBAEA;AAAA;AAAA;AAAA,cAZGO,KAAKN;AAAAA,cADZ;AAAA;AAAA;AAAA;AAAA;AAAA;AAAA;AAAA,YAeA;AAAA,UAEJ,CAAC,KAxBH;AAAA;AAAA;AAAA;AAAA,iBAyBA;AAAA,UAGA,uBAAC,SAAI,WAAU,iCACb;AAAA;AAAA,cAAC;AAAA;AAAA,gBACC,SAAS,MAAML,aAAa,CAACD,SAAS;AAAA,gBACtC,WAAU;AAAA,gBAETA,sBACC,uBAAC,gBAAa,WAAU,aAAxB;AAAA;AAAA;AAAA;AAAA,uBAAiC,IAEjC,uBAAC,eAAY,WAAU,aAAvB;AAAA;AAAA;AAAA;AAAA,uBAAgC;AAAA;AAAA,cAPpC;AAAA;AAAA;AAAA;AAAA;AAAA;AAAA;AAAA;AAAA,YASA;AAAA,YAEC,CAACA,aACA,uBAAC,SAAI,WAAU,2BACb;AAAA,qCAAC,SAAI,WAAU,uGAAsG,kBAArH;AAAA;AAAA;AAAA;AAAA,qBAEA;AAAA,cACA,uBAAC,SAAI,WAAU,kBACb;AAAA,uCAAC,SAAI,WAAU,2CAA0C,4BAAzD;AAAA;AAAA;AAAA;AAAA,uBAEA;AAAA,gBACA,uBAAC,SAAI,WAAU,8BAA6B,uBAA5C;AAAA;AAAA;AAAA;AAAA,uBAEA;AAAA,mBANF;AAAA;AAAA;AAAA;AAAA,qBAOA;AAAA,iBAXF;AAAA;AAAA;AAAA;AAAA,mBAYA;AAAA,eAzBJ;AAAA;AAAA;AAAA;AAAA,iBA2BA;AAAA;AAAA;AAAA,MAzFF;AAAA;AAAA;AAAA;AAAA;AAAA;AAAA;AAAA;AAAA,IA0FA;AAAA,IAGA,uBAAC,SAAI,WAAU,wCAEb;AAAA,6BAAC,SAAI,WAAU,kFACb;AAAA,+BAAC,SAAI,WAAU,2BACb;AAAA,iCAAC,QAAG,WAAU,wCACXO,uBAAa,KADhB;AAAA;AAAA;AAAA;AAAA,iBAEA;AAAA,UACA,uBAAC,UAAK,WAAU,kIAAiI,uBAAjJ;AAAA;AAAA;AAAA;AAAA,iBAEA;AAAA,aANF;AAAA;AAAA;AAAA;AAAA,eAOA;AAAA,QAEA,uBAAC,SAAI,WAAU,2BACb;AAAA,iCAAC,YAAO,WAAU,uIAChB;AAAA,mCAAC,YAAS,WAAU,iBAApB;AAAA;AAAA;AAAA;AAAA,mBAAiC;AAAA,YAAG;AAAA,eADtC;AAAA;AAAA;AAAA;AAAA,iBAGA;AAAA,UACA,uBAAC,YAAO,WAAU,iIAChB,iCAAC,QAAK,WAAU,4BAAhB;AAAA;AAAA;AAAA;AAAA,iBAAwC,KAD1C;AAAA;AAAA;AAAA;AAAA,iBAEA;AAAA,UACA,uBAAC,SAAI,WAAU,uGAAsG,kBAArH;AAAA;AAAA;AAAA;AAAA,iBAEA;AAAA,aAVF;AAAA;AAAA;AAAA;AAAA,eAWA;AAAA,WArBF;AAAA;AAAA;AAAA;AAAA,aAsBA;AAAA,MAGA,uBAAC,SAAI,WAAU,0BACb,iCAAC,YAAD;AAAA;AAAA;AAAA;AAAA,aAAO,KADT;AAAA;AAAA;AAAA;AAAA,aAEA;AAAA,SA7BF;AAAA;AAAA;AAAA;AAAA,WA8BA;AAAA,OA7HF;AAAA;AAAA;AAAA;AAAA,SA8HA;AAEJ;AAACR,GAtJeD,eAAa;AAAA,UAEVZ,WAAW;AAAA;AAAA,KAFdY;AAAa,IAAAiB;AAAA,aAAAA,IAAA",
      "names": [
        "Outlet",
        "Link",
        "useLocation",
        "useState",
        "Mic",
        "LayoutDashboard",
        "Search",
        "MessageSquare",
        "BookOpen",
        "Settings",
        "ChevronLeft",
        "ChevronRight",
        "Bell",
        "Download",
        "ManagerLayout",
        "_s",
        "collapsed",
        "setCollapsed",
        "location",
        "navItems",
        "icon",
        "label",
        "path",
        "getPageTitle",
        "pathname",
        "includes",
        "fontFamily",
        "map",
        "item",
        "Icon",
        "isActive",
        "_c"
      ],
      "ignoreList": [],
      "sources": [
        "G:/projects/VocalMind/frontend/src/app/components/layouts/ManagerLayout.tsx"
      ],
      "file": "G:/projects/VocalMind/frontend/src/app/components/layouts/ManagerLayout.tsx"
    },
    "_coverageSchema": "1a1c01bbd47fc00a2c39e90264f33305004495a9",
    "hash": "949023423dc8490054d1281f6e96c89d51efd26c"
  },
  "G:/projects/VocalMind/frontend/src/app/components/layouts/AgentLayout.tsx": {
    "path": "G:/projects/VocalMind/frontend/src/app/components/layouts/AgentLayout.tsx",
    "statementMap": {
      "0": {
        "start": {
          "line": 3,
          "column": 20
        },
        "end": {
          "line": 3,
          "column": 97
        }
      },
      "1": {
        "start": {
          "line": 6,
          "column": 0
        },
        "end": {
          "line": 16,
          "column": 1
        }
      },
      "2": {
        "start": {
          "line": 7,
          "column": 2
        },
        "end": {
          "line": 11,
          "column": 3
        }
      },
      "3": {
        "start": {
          "line": 8,
          "column": 4
        },
        "end": {
          "line": 10,
          "column": 6
        }
      },
      "4": {
        "start": {
          "line": 12,
          "column": 2
        },
        "end": {
          "line": 12,
          "column": 39
        }
      },
      "5": {
        "start": {
          "line": 13,
          "column": 2
        },
        "end": {
          "line": 13,
          "column": 39
        }
      },
      "6": {
        "start": {
          "line": 14,
          "column": 2
        },
        "end": {
          "line": 14,
          "column": 130
        }
      },
      "7": {
        "start": {
          "line": 15,
          "column": 2
        },
        "end": {
          "line": 15,
          "column": 75
        }
      },
      "8": {
        "start": {
          "line": 17,
          "column": 9
        },
        "end": {
          "line": 17,
          "column": 23
        }
      },
      "9": {
        "start": {
          "line": 30,
          "column": 2
        },
        "end": {
          "line": 30,
          "column": 7
        }
      },
      "10": {
        "start": {
          "line": 31,
          "column": 36
        },
        "end": {
          "line": 31,
          "column": 51
        }
      },
      "11": {
        "start": {
          "line": 32,
          "column": 19
        },
        "end": {
          "line": 32,
          "column": 32
        }
      },
      "12": {
        "start": {
          "line": 33,
          "column": 19
        },
        "end": {
          "line": 37,
          "column": 3
        }
      },
      "13": {
        "start": {
          "line": 38,
          "column": 23
        },
        "end": {
          "line": 42,
          "column": 3
        }
      },
      "14": {
        "start": {
          "line": 39,
          "column": 4
        },
        "end": {
          "line": 39,
          "column": 64
        }
      },
      "15": {
        "start": {
          "line": 39,
          "column": 40
        },
        "end": {
          "line": 39,
          "column": 64
        }
      },
      "16": {
        "start": {
          "line": 40,
          "column": 4
        },
        "end": {
          "line": 40,
          "column": 66
        }
      },
      "17": {
        "start": {
          "line": 40,
          "column": 45
        },
        "end": {
          "line": 40,
          "column": 66
        }
      },
      "18": {
        "start": {
          "line": 41,
          "column": 4
        },
        "end": {
          "line": 41,
          "column": 28
        }
      },
      "19": {
        "start": {
          "line": 43,
          "column": 2
        },
        "end": {
          "line": 257,
          "column": 11
        }
      },
      "20": {
        "start": {
          "line": 94,
          "column": 25
        },
        "end": {
          "line": 94,
          "column": 34
        }
      },
      "21": {
        "start": {
          "line": 95,
          "column": 29
        },
        "end": {
          "line": 95,
          "column": 138
        }
      },
      "22": {
        "start": {
          "line": 96,
          "column": 12
        },
        "end": {
          "line": 122,
          "column": 14
        }
      },
      "23": {
        "start": {
          "line": 132,
          "column": 31
        },
        "end": {
          "line": 132,
          "column": 55
        }
      },
      "24": {
        "start": {
          "line": 259,
          "column": 0
        },
        "end": {
          "line": 261,
          "column": 3
        }
      },
      "25": {
        "start": {
          "line": 260,
          "column": 2
        },
        "end": {
          "line": 260,
          "column": 23
        }
      },
      "26": {
        "start": {
          "line": 262,
          "column": 0
        },
        "end": {
          "line": 262,
          "column": 17
        }
      },
      "27": {
        "start": {
          "line": 264,
          "column": 0
        },
        "end": {
          "line": 264,
          "column": 32
        }
      },
      "28": {
        "start": {
          "line": 265,
          "column": 0
        },
        "end": {
          "line": 268,
          "column": 1
        }
      },
      "29": {
        "start": {
          "line": 266,
          "column": 2
        },
        "end": {
          "line": 266,
          "column": 39
        }
      },
      "30": {
        "start": {
          "line": 267,
          "column": 2
        },
        "end": {
          "line": 267,
          "column": 39
        }
      },
      "31": {
        "start": {
          "line": 269,
          "column": 0
        },
        "end": {
          "line": 278,
          "column": 1
        }
      },
      "32": {
        "start": {
          "line": 270,
          "column": 2
        },
        "end": {
          "line": 277,
          "column": 5
        }
      },
      "33": {
        "start": {
          "line": 271,
          "column": 4
        },
        "end": {
          "line": 271,
          "column": 143
        }
      },
      "34": {
        "start": {
          "line": 272,
          "column": 4
        },
        "end": {
          "line": 276,
          "column": 7
        }
      },
      "35": {
        "start": {
          "line": 273,
          "column": 6
        },
        "end": {
          "line": 273,
          "column": 31
        }
      },
      "36": {
        "start": {
          "line": 273,
          "column": 24
        },
        "end": {
          "line": 273,
          "column": 31
        }
      },
      "37": {
        "start": {
          "line": 274,
          "column": 32
        },
        "end": {
          "line": 274,
          "column": 192
        }
      },
      "38": {
        "start": {
          "line": 275,
          "column": 6
        },
        "end": {
          "line": 275,
          "column": 75
        }
      },
      "39": {
        "start": {
          "line": 275,
          "column": 29
        },
        "end": {
          "line": 275,
          "column": 75
        }
      }
    },
    "fnMap": {
      "0": {
        "name": "AgentLayout",
        "decl": {
          "start": {
            "line": 29,
            "column": 16
          },
          "end": {
            "line": 29,
            "column": 27
          }
        },
        "loc": {
          "start": {
            "line": 29,
            "column": 30
          },
          "end": {
            "line": 258,
            "column": 1
          }
        },
        "line": 29
      },
      "1": {
        "name": "(anonymous_1)",
        "decl": {
          "start": {
            "line": 38,
            "column": 23
          },
          "end": {
            "line": 38,
            "column": 24
          }
        },
        "loc": {
          "start": {
            "line": 38,
            "column": 29
          },
          "end": {
            "line": 42,
            "column": 3
          }
        },
        "line": 38
      },
      "2": {
        "name": "(anonymous_2)",
        "decl": {
          "start": {
            "line": 93,
            "column": 106
          },
          "end": {
            "line": 93,
            "column": 107
          }
        },
        "loc": {
          "start": {
            "line": 93,
            "column": 116
          },
          "end": {
            "line": 123,
            "column": 11
          }
        },
        "line": 93
      },
      "3": {
        "name": "(anonymous_3)",
        "decl": {
          "start": {
            "line": 132,
            "column": 25
          },
          "end": {
            "line": 132,
            "column": 26
          }
        },
        "loc": {
          "start": {
            "line": 132,
            "column": 31
          },
          "end": {
            "line": 132,
            "column": 55
          }
        },
        "line": 132
      },
      "4": {
        "name": "(anonymous_4)",
        "decl": {
          "start": {
            "line": 259,
            "column": 55
          },
          "end": {
            "line": 259,
            "column": 56
          }
        },
        "loc": {
          "start": {
            "line": 259,
            "column": 66
          },
          "end": {
            "line": 261,
            "column": 1
          }
        },
        "line": 259
      },
      "5": {
        "name": "(anonymous_5)",
        "decl": {
          "start": {
            "line": 270,
            "column": 52
          },
          "end": {
            "line": 270,
            "column": 53
          }
        },
        "loc": {
          "start": {
            "line": 270,
            "column": 72
          },
          "end": {
            "line": 277,
            "column": 3
          }
        },
        "line": 270
      },
      "6": {
        "name": "(anonymous_6)",
        "decl": {
          "start": {
            "line": 272,
            "column": 27
          },
          "end": {
            "line": 272,
            "column": 28
          }
        },
        "loc": {
          "start": {
            "line": 272,
            "column": 44
          },
          "end": {
            "line": 276,
            "column": 5
          }
        },
        "line": 272
      }
    },
    "branchMap": {
      "0": {
        "loc": {
          "start": {
            "line": 3,
            "column": 20
          },
          "end": {
            "line": 3,
            "column": 97
          }
        },
        "type": "binary-expr",
        "locations": [
          {
            "start": {
              "line": 3,
              "column": 20
            },
            "end": {
              "line": 3,
              "column": 60
            }
          },
          {
            "start": {
              "line": 3,
              "column": 64
            },
            "end": {
              "line": 3,
              "column": 97
            }
          }
        ],
        "line": 3
      },
      "1": {
        "loc": {
          "start": {
            "line": 6,
            "column": 0
          },
          "end": {
            "line": 16,
            "column": 1
          }
        },
        "type": "if",
        "locations": [
          {
            "start": {
              "line": 6,
              "column": 0
            },
            "end": {
              "line": 16,
              "column": 1
            }
          },
          {
            "start": {},
            "end": {}
          }
        ],
        "line": 6
      },
      "2": {
        "loc": {
          "start": {
            "line": 6,
            "column": 4
          },
          "end": {
            "line": 6,
            "column": 35
          }
        },
        "type": "binary-expr",
        "locations": [
          {
            "start": {
              "line": 6,
              "column": 4
            },
            "end": {
              "line": 6,
              "column": 19
            }
          },
          {
            "start": {
              "line": 6,
              "column": 23
            },
            "end": {
              "line": 6,
              "column": 35
            }
          }
        ],
        "line": 6
      },
      "3": {
        "loc": {
          "start": {
            "line": 7,
            "column": 2
          },
          "end": {
            "line": 11,
            "column": 3
          }
        },
        "type": "if",
        "locations": [
          {
            "start": {
              "line": 7,
              "column": 2
            },
            "end": {
              "line": 11,
              "column": 3
            }
          },
          {
            "start": {},
            "end": {}
          }
        ],
        "line": 7
      },
      "4": {
        "loc": {
          "start": {
            "line": 39,
            "column": 4
          },
          "end": {
            "line": 39,
            "column": 64
          }
        },
        "type": "if",
        "locations": [
          {
            "start": {
              "line": 39,
              "column": 4
            },
            "end": {
              "line": 39,
              "column": 64
            }
          },
          {
            "start": {},
            "end": {}
          }
        ],
        "line": 39
      },
      "5": {
        "loc": {
          "start": {
            "line": 40,
            "column": 4
          },
          "end": {
            "line": 40,
            "column": 66
          }
        },
        "type": "if",
        "locations": [
          {
            "start": {
              "line": 40,
              "column": 4
            },
            "end": {
              "line": 40,
              "column": 66
            }
          },
          {
            "start": {},
            "end": {}
          }
        ],
        "line": 40
      },
      "6": {
        "loc": {
          "start": {
            "line": 47,
            "column": 22
          },
          "end": {
            "line": 47,
            "column": 58
          }
        },
        "type": "cond-expr",
        "locations": [
          {
            "start": {
              "line": 47,
              "column": 34
            },
            "end": {
              "line": 47,
              "column": 44
            }
          },
          {
            "start": {
              "line": 47,
              "column": 47
            },
            "end": {
              "line": 47,
              "column": 58
            }
          }
        ],
        "line": 47
      },
      "7": {
        "loc": {
          "start": {
            "line": 59,
            "column": 12
          },
          "end": {
            "line": 63,
            "column": 20
          }
        },
        "type": "binary-expr",
        "locations": [
          {
            "start": {
              "line": 59,
              "column": 12
            },
            "end": {
              "line": 59,
              "column": 22
            }
          },
          {
            "start": {
              "line": 59,
              "column": 42
            },
            "end": {
              "line": 63,
              "column": 20
            }
          }
        ],
        "line": 59
      },
      "8": {
        "loc": {
          "start": {
            "line": 73,
            "column": 10
          },
          "end": {
            "line": 92,
            "column": 18
          }
        },
        "type": "binary-expr",
        "locations": [
          {
            "start": {
              "line": 73,
              "column": 10
            },
            "end": {
              "line": 73,
              "column": 20
            }
          },
          {
            "start": {
              "line": 73,
              "column": 40
            },
            "end": {
              "line": 92,
              "column": 18
            }
          }
        ],
        "line": 73
      },
      "9": {
        "loc": {
          "start": {
            "line": 95,
            "column": 29
          },
          "end": {
            "line": 95,
            "column": 138
          }
        },
        "type": "binary-expr",
        "locations": [
          {
            "start": {
              "line": 95,
              "column": 29
            },
            "end": {
              "line": 95,
              "column": 60
            }
          },
          {
            "start": {
              "line": 95,
              "column": 64
            },
            "end": {
              "line": 95,
              "column": 92
            }
          },
          {
            "start": {
              "line": 95,
              "column": 96
            },
            "end": {
              "line": 95,
              "column": 138
            }
          }
        ],
        "line": 95
      },
      "10": {
        "loc": {
          "start": {
            "line": 100,
            "column": 90
          },
          "end": {
            "line": 100,
            "column": 215
          }
        },
        "type": "cond-expr",
        "locations": [
          {
            "start": {
              "line": 100,
              "column": 101
            },
            "end": {
              "line": 100,
              "column": 156
            }
          },
          {
            "start": {
              "line": 100,
              "column": 159
            },
            "end": {
              "line": 100,
              "column": 215
            }
          }
        ],
        "line": 100
      },
      "11": {
        "loc": {
          "start": {
            "line": 107,
            "column": 18
          },
          "end": {
            "line": 111,
            "column": 26
          }
        },
        "type": "binary-expr",
        "locations": [
          {
            "start": {
              "line": 107,
              "column": 18
            },
            "end": {
              "line": 107,
              "column": 28
            }
          },
          {
            "start": {
              "line": 107,
              "column": 48
            },
            "end": {
              "line": 111,
              "column": 26
            }
          }
        ],
        "line": 107
      },
      "12": {
        "loc": {
          "start": {
            "line": 134,
            "column": 26
          },
          "end": {
            "line": 142,
            "column": 24
          }
        },
        "type": "cond-expr",
        "locations": [
          {
            "start": {
              "line": 134,
              "column": 54
            },
            "end": {
              "line": 138,
              "column": 24
            }
          },
          {
            "start": {
              "line": 138,
              "column": 43
            },
            "end": {
              "line": 142,
              "column": 24
            }
          }
        ],
        "line": 134
      },
      "13": {
        "loc": {
          "start": {
            "line": 153,
            "column": 12
          },
          "end": {
            "line": 179,
            "column": 20
          }
        },
        "type": "binary-expr",
        "locations": [
          {
            "start": {
              "line": 153,
              "column": 12
            },
            "end": {
              "line": 153,
              "column": 22
            }
          },
          {
            "start": {
              "line": 153,
              "column": 42
            },
            "end": {
              "line": 179,
              "column": 20
            }
          }
        ],
        "line": 153
      },
      "14": {
        "loc": {
          "start": {
            "line": 265,
            "column": 0
          },
          "end": {
            "line": 268,
            "column": 1
          }
        },
        "type": "if",
        "locations": [
          {
            "start": {
              "line": 265,
              "column": 0
            },
            "end": {
              "line": 268,
              "column": 1
            }
          },
          {
            "start": {},
            "end": {}
          }
        ],
        "line": 265
      },
      "15": {
        "loc": {
          "start": {
            "line": 265,
            "column": 4
          },
          "end": {
            "line": 265,
            "column": 35
          }
        },
        "type": "binary-expr",
        "locations": [
          {
            "start": {
              "line": 265,
              "column": 4
            },
            "end": {
              "line": 265,
              "column": 19
            }
          },
          {
            "start": {
              "line": 265,
              "column": 23
            },
            "end": {
              "line": 265,
              "column": 35
            }
          }
        ],
        "line": 265
      },
      "16": {
        "loc": {
          "start": {
            "line": 269,
            "column": 0
          },
          "end": {
            "line": 278,
            "column": 1
          }
        },
        "type": "if",
        "locations": [
          {
            "start": {
              "line": 269,
              "column": 0
            },
            "end": {
              "line": 278,
              "column": 1
            }
          },
          {
            "start": {},
            "end": {}
          }
        ],
        "line": 269
      },
      "17": {
        "loc": {
          "start": {
            "line": 269,
            "column": 4
          },
          "end": {
            "line": 269,
            "column": 35
          }
        },
        "type": "binary-expr",
        "locations": [
          {
            "start": {
              "line": 269,
              "column": 4
            },
            "end": {
              "line": 269,
              "column": 19
            }
          },
          {
            "start": {
              "line": 269,
              "column": 23
            },
            "end": {
              "line": 269,
              "column": 35
            }
          }
        ],
        "line": 269
      },
      "18": {
        "loc": {
          "start": {
            "line": 273,
            "column": 6
          },
          "end": {
            "line": 273,
            "column": 31
          }
        },
        "type": "if",
        "locations": [
          {
            "start": {
              "line": 273,
              "column": 6
            },
            "end": {
              "line": 273,
              "column": 31
            }
          },
          {
            "start": {},
            "end": {}
          }
        ],
        "line": 273
      },
      "19": {
        "loc": {
          "start": {
            "line": 275,
            "column": 6
          },
          "end": {
            "line": 275,
            "column": 75
          }
        },
        "type": "if",
        "locations": [
          {
            "start": {
              "line": 275,
              "column": 6
            },
            "end": {
              "line": 275,
              "column": 75
            }
          },
          {
            "start": {},
            "end": {}
          }
        ],
        "line": 275
      }
    },
    "s": {
      "0": 390,
      "1": 390,
      "2": 390,
      "3": 0,
      "4": 390,
      "5": 390,
      "6": 390,
      "7": 390,
      "8": 390,
      "9": 130,
      "10": 130,
      "11": 130,
      "12": 130,
      "13": 130,
      "14": 130,
      "15": 70,
      "16": 60,
      "17": 60,
      "18": 0,
      "19": 130,
      "20": 390,
      "21": 390,
      "22": 390,
      "23": 10,
      "24": 390,
      "25": 110,
      "26": 390,
      "27": 390,
      "28": 390,
      "29": 390,
      "30": 390,
      "31": 390,
      "32": 390,
      "33": 390,
      "34": 390,
      "35": 0,
      "36": 0,
      "37": 0,
      "38": 0,
      "39": 0
    },
    "f": {
      "0": 130,
      "1": 130,
      "2": 390,
      "3": 10,
      "4": 110,
      "5": 390,
      "6": 0
    },
    "b": {
      "0": [
        390,
        0
      ],
      "1": [
        390,
        0
      ],
      "2": [
        390,
        390
      ],
      "3": [
        0,
        390
      ],
      "4": [
        70,
        60
      ],
      "5": [
        60,
        0
      ],
      "6": [
        5,
        125
      ],
      "7": [
        130,
        125
      ],
      "8": [
        130,
        125
      ],
      "9": [
        390,
        320,
        130
      ],
      "10": [
        130,
        260
      ],
      "11": [
        390,
        375
      ],
      "12": [
        5,
        125
      ],
      "13": [
        130,
        125
      ],
      "14": [
        390,
        0
      ],
      "15": [
        390,
        390
      ],
      "16": [
        390,
        0
      ],
      "17": [
        390,
        390
      ],
      "18": [
        0,
        0
      ],
      "19": [
        0,
        0
      ]
    },
    "inputSourceMap": {
      "version": 3,
      "mappings": "AAwCc;;;;;;;;;;;;;;;;;AAxCd,SAASA,QAAQC,MAAMC,mBAAmB;AAC1C,SAASC,gBAAgB;AACzB;AAAA,EACEC;AAAAA,EACAC;AAAAA,EACAC;AAAAA,EACAC;AAAAA,EACAC;AAAAA,EACAC;AAAAA,EACAC;AAAAA,OACK;AAEA,gBAASC,cAAc;AAAAC,KAAA;AAC5B,QAAM,CAACC,WAAWC,YAAY,IAAIX,SAAS,KAAK;AAChD,QAAMY,WAAWb,YAAY;AAE7B,QAAMc,WAAW;AAAA,IACf,EAAEC,MAAMZ,UAAUa,OAAO,kBAAkBC,MAAM,SAAS;AAAA,IAC1D,EAAEF,MAAMX,OAAOY,OAAO,YAAYC,MAAM,eAAe;AAAA,IACvD,EAAEF,MAAMV,UAAUW,OAAO,YAAYC,MAAM,kBAAkB;AAAA,EAAC;AAGhE,QAAMC,eAAeA,MAAM;AACzB,QAAIL,SAASM,aAAa,SAAU,QAAO;AAC3C,QAAIN,SAASM,SAASC,SAAS,OAAO,EAAG,QAAO;AAChD,WAAO;AAAA,EACT;AAEA,SACE,uBAAC,SAAI,WAAU,8BAEb;AAAA;AAAA,MAAC;AAAA;AAAA,QACC,WAAW,GACTT,YAAY,aAAa,WAAW;AAAA,QAItC;AAAA,iCAAC,SAAI,WAAU,yDACb,iCAAC,SAAI,WAAU,2BACb;AAAA,mCAAC,SAAI,WAAU,kFACb,iCAAC,OAAI,WAAU,kCAAf;AAAA;AAAA;AAAA;AAAA,mBAA6C,KAD/C;AAAA;AAAA;AAAA;AAAA,mBAEA;AAAA,YACC,CAACA,aACA,uBAAC,UAAK,WAAU,gCAA+B,OAAO,EAAEU,YAAY,mBAAmB,GAAG,yBAA1F;AAAA;AAAA;AAAA;AAAA,mBAEA;AAAA,eAPJ;AAAA;AAAA;AAAA;AAAA,iBASA,KAVF;AAAA;AAAA;AAAA;AAAA,iBAWA;AAAA,UAGC,CAACV,aACA,uBAAC,SAAI,WAAU,aACb,iCAAC,SAAI,WAAU,uDACb;AAAA,mCAAC,SAAI,WAAU,mDAAkD,4BAAjE;AAAA;AAAA;AAAA;AAAA,mBAEA;AAAA,YACA,uBAAC,SAAI,WAAU,8BAA6B,kCAA5C;AAAA;AAAA;AAAA;AAAA,mBAEA;AAAA,eANF;AAAA;AAAA;AAAA;AAAA,iBAOA,KARF;AAAA;AAAA;AAAA;AAAA,iBASA;AAAA,UAIF,uBAAC,SAAI,WAAU,8BACZG,mBAASQ,IAAI,CAACC,SAAS;AACtB,kBAAMC,OAAOD,KAAKR;AAClB,kBAAMU,WAAWZ,SAASM,aAAaI,KAAKN,QACzCM,KAAKN,SAAS,kBAAkBJ,SAASM,SAASC,SAAS,cAAc;AAE5E,mBACE;AAAA,cAAC;AAAA;AAAA,gBAEC,IAAIG,KAAKN;AAAAA,gBACT,WAAW,+DACTQ,WACI,0DACA,wDAAwD;AAAA,gBAG9D;AAAA,yCAAC,QAAK,WAAU,qCAAhB;AAAA;AAAA;AAAA;AAAA,yBAAiD;AAAA,kBAChD,CAACd,aACA,uBAAC,UAAK,WAAU,2BACbY,eAAKP,SADR;AAAA;AAAA;AAAA;AAAA,yBAEA;AAAA;AAAA;AAAA,cAZGO,KAAKN;AAAAA,cADZ;AAAA;AAAA;AAAA;AAAA;AAAA;AAAA;AAAA,YAeA;AAAA,UAEJ,CAAC,KAxBH;AAAA;AAAA;AAAA;AAAA,iBAyBA;AAAA,UAGA,uBAAC,SAAI,WAAU,iCACb;AAAA;AAAA,cAAC;AAAA;AAAA,gBACC,SAAS,MAAML,aAAa,CAACD,SAAS;AAAA,gBACtC,WAAU;AAAA,gBAETA,sBACC,uBAAC,gBAAa,WAAU,aAAxB;AAAA;AAAA;AAAA;AAAA,uBAAiC,IAEjC,uBAAC,eAAY,WAAU,aAAvB;AAAA;AAAA;AAAA;AAAA,uBAAgC;AAAA;AAAA,cAPpC;AAAA;AAAA;AAAA;AAAA;AAAA;AAAA;AAAA;AAAA,YASA;AAAA,YAEC,CAACA,aACA,uBAAC,SAAI,WAAU,2BACb;AAAA,qCAAC,SAAI,WAAU,uGAAsG,kBAArH;AAAA;AAAA;AAAA;AAAA,qBAEA;AAAA,cACA,uBAAC,SAAI,WAAU,kBACb;AAAA,uCAAC,SAAI,WAAU,2CAA0C,4BAAzD;AAAA;AAAA;AAAA;AAAA,uBAEA;AAAA,gBACA,uBAAC,SAAI,WAAU,8BAA6B,qBAA5C;AAAA;AAAA;AAAA;AAAA,uBAEA;AAAA,mBANF;AAAA;AAAA;AAAA;AAAA,qBAOA;AAAA,iBAXF;AAAA;AAAA;AAAA;AAAA,mBAYA;AAAA,eAzBJ;AAAA;AAAA;AAAA;AAAA,iBA2BA;AAAA;AAAA;AAAA,MAzFF;AAAA;AAAA;AAAA;AAAA;AAAA;AAAA;AAAA;AAAA,IA0FA;AAAA,IAGA,uBAAC,SAAI,WAAU,wCAEb;AAAA,6BAAC,SAAI,WAAU,kFACb;AAAA,+BAAC,SAAI,WAAU,2BACb;AAAA,iCAAC,QAAG,WAAU,wCACXO,uBAAa,KADhB;AAAA;AAAA;AAAA;AAAA,iBAEA;AAAA,UACA,uBAAC,UAAK,WAAU,kIAAiI,qBAAjJ;AAAA;AAAA;AAAA;AAAA,iBAEA;AAAA,aANF;AAAA;AAAA;AAAA;AAAA,eAOA;AAAA,QAEA,uBAAC,SAAI,WAAU,2BACb;AAAA,iCAAC,YAAO,WAAU,iIAChB,iCAAC,QAAK,WAAU,4BAAhB;AAAA;AAAA;AAAA;AAAA,iBAAwC,KAD1C;AAAA;AAAA;AAAA;AAAA,iBAEA;AAAA,UACA,uBAAC,SAAI,WAAU,uGAAsG,kBAArH;AAAA;AAAA;AAAA;AAAA,iBAEA;AAAA,aANF;AAAA;AAAA;AAAA;AAAA,eAOA;AAAA,WAjBF;AAAA;AAAA;AAAA;AAAA,aAkBA;AAAA,MAGA,uBAAC,SAAI,WAAU,0BACb,iCAAC,YAAD;AAAA;AAAA;AAAA;AAAA,aAAO,KADT;AAAA;AAAA;AAAA;AAAA,aAEA;AAAA,SAzBF;AAAA;AAAA;AAAA;AAAA,WA0BA;AAAA,OAzHF;AAAA;AAAA;AAAA;AAAA,SA0HA;AAEJ;AAACR,GA7IeD,aAAW;AAAA,UAERT,WAAW;AAAA;AAAA,KAFdS;AAAW,IAAAiB;AAAA,aAAAA,IAAA",
      "names": [
        "Outlet",
        "Link",
        "useLocation",
        "useState",
        "Mic",
        "Activity",
        "Phone",
        "Settings",
        "ChevronLeft",
        "ChevronRight",
        "Bell",
        "AgentLayout",
        "_s",
        "collapsed",
        "setCollapsed",
        "location",
        "navItems",
        "icon",
        "label",
        "path",
        "getPageTitle",
        "pathname",
        "includes",
        "fontFamily",
        "map",
        "item",
        "Icon",
        "isActive",
        "_c"
      ],
      "ignoreList": [],
      "sources": [
        "G:/projects/VocalMind/frontend/src/app/components/layouts/AgentLayout.tsx"
      ],
      "file": "G:/projects/VocalMind/frontend/src/app/components/layouts/AgentLayout.tsx"
    },
    "_coverageSchema": "1a1c01bbd47fc00a2c39e90264f33305004495a9",
    "hash": "d12be0c1030aad583779b422f0bf9a88da83696e"
  },
  "G:/projects/VocalMind/frontend/src/app/data/mockData.ts": {
    "path": "G:/projects/VocalMind/frontend/src/app/data/mockData.ts",
    "statementMap": {
      "0": {
        "start": {
          "line": 1,
          "column": 31
        },
        "end": {
          "line": 9,
          "column": 1
        }
      },
      "1": {
        "start": {
          "line": 10,
          "column": 39
        },
        "end": {
          "line": 16,
          "column": 1
        }
      },
      "2": {
        "start": {
          "line": 17,
          "column": 36
        },
        "end": {
          "line": 23,
          "column": 1
        }
      },
      "3": {
        "start": {
          "line": 24,
          "column": 36
        },
        "end": {
          "line": 30,
          "column": 1
        }
      },
      "4": {
        "start": {
          "line": 31,
          "column": 32
        },
        "end": {
          "line": 104,
          "column": 1
        }
      },
      "5": {
        "start": {
          "line": 105,
          "column": 30
        },
        "end": {
          "line": 139,
          "column": 1
        }
      },
      "6": {
        "start": {
          "line": 140,
          "column": 33
        },
        "end": {
          "line": 171,
          "column": 1
        }
      },
      "7": {
        "start": {
          "line": 172,
          "column": 36
        },
        "end": {
          "line": 197,
          "column": 1
        }
      },
      "8": {
        "start": {
          "line": 198,
          "column": 37
        },
        "end": {
          "line": 225,
          "column": 1
        }
      },
      "9": {
        "start": {
          "line": 226,
          "column": 28
        },
        "end": {
          "line": 254,
          "column": 1
        }
      },
      "10": {
        "start": {
          "line": 255,
          "column": 24
        },
        "end": {
          "line": 272,
          "column": 1
        }
      },
      "11": {
        "start": {
          "line": 273,
          "column": 37
        },
        "end": {
          "line": 280,
          "column": 1
        }
      }
    },
    "fnMap": {},
    "branchMap": {},
    "s": {
      "0": 390,
      "1": 390,
      "2": 390,
      "3": 390,
      "4": 390,
      "5": 390,
      "6": 390,
      "7": 390,
      "8": 390,
      "9": 390,
      "10": 390,
      "11": 390
    },
    "f": {},
    "b": {},
    "inputSourceMap": {
      "version": 3,
      "sources": [
        "G:/projects/VocalMind/frontend/src/app/data/mockData.ts"
      ],
      "mappings": "AAOO,aAAM,kBAAkB;AAAA,EAC7B,EAAE,KAAK,OAAO,OAAO,GAAG;AAAA,EACxB,EAAE,KAAK,OAAO,OAAO,GAAG;AAAA,EACxB,EAAE,KAAK,OAAO,OAAO,GAAG;AAAA,EACxB,EAAE,KAAK,OAAO,OAAO,GAAG;AAAA,EACxB,EAAE,KAAK,OAAO,OAAO,GAAG;AAAA,EACxB,EAAE,KAAK,OAAO,OAAO,GAAG;AAAA,EACxB,EAAE,KAAK,OAAO,OAAO,GAAG;AAC1B;AAEO,aAAM,0BAA0B;AAAA,EACrC,EAAE,MAAM,WAAW,OAAO,IAAI,OAAO,UAAU;AAAA,EAC/C,EAAE,MAAM,SAAS,OAAO,IAAI,OAAO,UAAU;AAAA,EAC7C,EAAE,MAAM,cAAc,OAAO,IAAI,OAAO,UAAU;AAAA,EAClD,EAAE,MAAM,SAAS,OAAO,IAAI,OAAO,UAAU;AAAA,EAC7C,EAAE,MAAM,OAAO,OAAO,IAAI,OAAO,UAAU;AAC7C;AAEO,aAAM,uBAAuB;AAAA,EAClC,EAAE,UAAU,qBAAqB,MAAM,IAAI,OAAO,UAAU;AAAA,EAC5D,EAAE,UAAU,gBAAgB,MAAM,IAAI,OAAO,UAAU;AAAA,EACvD,EAAE,UAAU,qBAAqB,MAAM,IAAI,OAAO,UAAU;AAAA,EAC5D,EAAE,UAAU,mBAAmB,MAAM,IAAI,OAAO,UAAU;AAAA,EAC1D,EAAE,UAAU,kBAAkB,MAAM,IAAI,OAAO,UAAU;AAC3D;AAEO,aAAM,uBAAuB;AAAA,EAClC,EAAE,MAAM,YAAY,SAAS,IAAI,QAAQ,IAAI,YAAY,IAAI,cAAc,IAAI,OAAO,KAAc;AAAA,EACpG,EAAE,MAAM,WAAW,SAAS,IAAI,QAAQ,IAAI,YAAY,IAAI,cAAc,IAAI,OAAO,KAAc;AAAA,EACnG,EAAE,MAAM,YAAY,SAAS,IAAI,QAAQ,IAAI,YAAY,IAAI,cAAc,IAAI,OAAO,OAAgB;AAAA,EACtG,EAAE,MAAM,WAAW,SAAS,IAAI,QAAQ,IAAI,YAAY,IAAI,cAAc,IAAI,OAAO,OAAgB;AAAA,EACrG,EAAE,MAAM,WAAW,SAAS,IAAI,QAAQ,IAAI,YAAY,IAAI,cAAc,IAAI,OAAO,KAAc;AACrG;AAIO,aAAM,mBAAmB;AAAA,EAC9B;AAAA,IACE,IAAI;AAAA,IACJ,WAAW;AAAA,IACX,SAAS;AAAA,IACT,MAAM;AAAA,IACN,MAAM;AAAA,IACN,UAAU;AAAA,IACV,UAAU;AAAA,IACV,cAAc;AAAA,IACd,cAAc;AAAA,IACd,aAAa;AAAA,IACb,iBAAiB;AAAA,IACjB,UAAU;AAAA,IACV,cAAc;AAAA,IACd,YAAY;AAAA,IACZ,cAAc;AAAA,IACd,QAAQ;AAAA,EACV;AAAA,EACA;AAAA,IACE,IAAI;AAAA,IACJ,WAAW;AAAA,IACX,SAAS;AAAA,IACT,MAAM;AAAA,IACN,MAAM;AAAA,IACN,UAAU;AAAA,IACV,UAAU;AAAA,IACV,cAAc;AAAA,IACd,cAAc;AAAA,IACd,aAAa;AAAA,IACb,iBAAiB;AAAA,IACjB,UAAU;AAAA,IACV,cAAc;AAAA,IACd,YAAY;AAAA,IACZ,cAAc;AAAA,IACd,QAAQ;AAAA,EACV;AAAA,EACA;AAAA,IACE,IAAI;AAAA,IACJ,WAAW;AAAA,IACX,SAAS;AAAA,IACT,MAAM;AAAA,IACN,MAAM;AAAA,IACN,UAAU;AAAA,IACV,UAAU;AAAA,IACV,cAAc;AAAA,IACd,cAAc;AAAA,IACd,aAAa;AAAA,IACb,iBAAiB;AAAA,IACjB,UAAU;AAAA,IACV,cAAc;AAAA,IACd,YAAY;AAAA,IACZ,cAAc;AAAA,IACd,QAAQ;AAAA,EACV;AAAA,EACA;AAAA,IACE,IAAI;AAAA,IACJ,WAAW;AAAA,IACX,SAAS;AAAA,IACT,MAAM;AAAA,IACN,MAAM;AAAA,IACN,UAAU;AAAA,IACV,UAAU;AAAA,IACV,cAAc;AAAA,IACd,cAAc;AAAA,IACd,aAAa;AAAA,IACb,iBAAiB;AAAA,IACjB,UAAU;AAAA,IACV,cAAc;AAAA,IACd,YAAY;AAAA,IACZ,cAAc;AAAA,IACd,QAAQ;AAAA,EACV;AACF;AAIO,aAAM,iBAAiB;AAAA,EAC5B;AAAA,IACE,IAAI;AAAA,IACJ,eAAe;AAAA,IACf,SAAS;AAAA,IACT,MAAM;AAAA,IACN,WAAW;AAAA,IACX,SAAS;AAAA,IACT,WAAW;AAAA,IACX,SAAS;AAAA,IACT,YAAY;AAAA,EACd;AAAA,EACA;AAAA,IACE,IAAI;AAAA,IACJ,eAAe;AAAA,IACf,SAAS;AAAA,IACT,MAAM;AAAA,IACN,WAAW;AAAA,IACX,SAAS;AAAA,IACT,WAAW;AAAA,IACX,SAAS;AAAA,IACT,YAAY;AAAA,EACd;AAAA,EACA;AAAA,IACE,IAAI;AAAA,IACJ,eAAe;AAAA,IACf,SAAS;AAAA,IACT,MAAM;AAAA,IACN,WAAW;AAAA,IACX,SAAS;AAAA,IACT,WAAW;AAAA,IACX,SAAS;AAAA,IACT,YAAY;AAAA,EACd;AACF;AAEO,aAAM,oBAAoB;AAAA,EAC/B;AAAA,IACE,IAAI;AAAA,IACJ,eAAe;AAAA,IACf,iBAAiB;AAAA,IACjB,YAAY;AAAA,IACZ,aAAa;AAAA,IACb,WAAW;AAAA,IACX,eAAe;AAAA,IACf,WAAW;AAAA,IACX,iBAAiB;AAAA,IACjB,OAAO;AAAA,IACP,SAAS;AAAA,IACT,kBAAkB;AAAA,IAClB,eAAe;AAAA,EACjB;AAAA,EACA;AAAA,IACE,IAAI;AAAA,IACJ,eAAe;AAAA,IACf,iBAAiB;AAAA,IACjB,YAAY;AAAA,IACZ,aAAa;AAAA,IACb,WAAW;AAAA,IACX,eAAe;AAAA,IACf,WAAW;AAAA,IACX,iBAAiB;AAAA,IACjB,OAAO;AAAA,IACP,SAAS;AAAA,IACT,kBAAkB;AAAA,IAClB,eAAe;AAAA,EACjB;AACF;AAEO,aAAM,uBAAuB;AAAA,EAClC;AAAA,IACE,IAAI;AAAA,IACJ,eAAe;AAAA,IACf,YAAY;AAAA,IACZ,aAAa;AAAA,IACb,UAAU;AAAA,IACV,aAAa;AAAA,IACb,WAAW;AAAA,IACX,UAAU;AAAA,IACV,OAAO;AAAA,IACP,WAAW;AAAA,EACb;AAAA,EACA;AAAA,IACE,IAAI;AAAA,IACJ,eAAe;AAAA,IACf,YAAY;AAAA,IACZ,aAAa;AAAA,IACb,UAAU;AAAA,IACV,aAAa;AAAA,IACb,WAAW;AAAA,IACX,UAAU;AAAA,IACV,OAAO;AAAA,IACP,WAAW;AAAA,EACb;AACF;AAIO,aAAM,wBAAwB;AAAA,EACnC,IAAI;AAAA,EACJ,MAAM;AAAA,EACN,MAAM;AAAA,EACN,YAAY;AAAA,EACZ,UAAU;AAAA,EACV,cAAc;AAAA,EACd,eAAe;AAAA,EACf,UAAU;AAAA,EACV,cAAc;AAAA,EACd,aAAa;AAAA,EACb,iBAAiB;AAAA,EACjB,gBAAgB;AAAA,EAChB,iBAAiB;AAAA,EACjB,OAAO;AAAA,EACP,aAAa;AAAA,IACX,EAAE,KAAK,OAAO,OAAO,GAAG;AAAA,IACxB,EAAE,KAAK,OAAO,OAAO,GAAG;AAAA,IACxB,EAAE,KAAK,OAAO,OAAO,GAAG;AAAA,IACxB,EAAE,KAAK,OAAO,OAAO,GAAG;AAAA,IACxB,EAAE,KAAK,OAAO,OAAO,GAAG;AAAA,EAC1B;AAAA,EACA,aAAa;AAAA,IACX,EAAE,IAAI,WAAW,MAAM,cAAc,MAAM,YAAY,OAAO,IAAI,UAAU,QAAQ,UAAU,WAAW,UAAU,MAAM,WAAW,KAAK;AAAA,IACzI,EAAE,IAAI,WAAW,MAAM,cAAc,MAAM,YAAY,OAAO,IAAI,UAAU,SAAS,UAAU,WAAW,UAAU,MAAM,WAAW,MAAM;AAAA,IAC3I,EAAE,IAAI,WAAW,MAAM,cAAc,MAAM,YAAY,OAAO,IAAI,UAAU,SAAS,UAAU,UAAU,UAAU,OAAO,WAAW,KAAK;AAAA,EAC5I;AACF;AAIO,aAAM,eAAe;AAAA,EAC1B;AAAA,IACE,IAAI;AAAA,IACJ,OAAO;AAAA,IACP,UAAU;AAAA,IACV,SAAS;AAAA,IACT,SAAS;AAAA,IACT,aAAa;AAAA,IACb,UAAU;AAAA,EACZ;AAAA,EACA;AAAA,IACE,IAAI;AAAA,IACJ,OAAO;AAAA,IACP,UAAU;AAAA,IACV,SAAS;AAAA,IACT,SAAS;AAAA,IACT,aAAa;AAAA,IACb,UAAU;AAAA,EACZ;AAAA,EACA;AAAA,IACE,IAAI;AAAA,IACJ,OAAO;AAAA,IACP,UAAU;AAAA,IACV,SAAS;AAAA,IACT,SAAS;AAAA,IACT,aAAa;AAAA,IACb,UAAU;AAAA,EACZ;AACF;AAEO,aAAM,WAAW;AAAA,EACtB;AAAA,IACE,IAAI;AAAA,IACJ,UAAU;AAAA,IACV,QAAQ;AAAA,IACR,SAAS;AAAA,IACT,UAAU;AAAA,IACV,UAAU;AAAA,EACZ;AAAA,EACA;AAAA,IACE,IAAI;AAAA,IACJ,UAAU;AAAA,IACV,QAAQ;AAAA,IACR,SAAS;AAAA,IACT,UAAU;AAAA,IACV,UAAU;AAAA,EACZ;AACF;AAIO,aAAM,wBAQR;AAAA,EACH;AAAA,IACE,IAAI;AAAA,IACJ,MAAM;AAAA,IACN,SAAS;AAAA,IACT,WAAW;AAAA,EACb;AACF;",
      "names": []
    },
    "_coverageSchema": "1a1c01bbd47fc00a2c39e90264f33305004495a9",
    "hash": "2e3ced1e3b575f97a4cd4063d21940a5c9038f3c"
  },
  "G:/projects/VocalMind/frontend/src/app/components/manager/ManagerDashboard.tsx": {
    "path": "G:/projects/VocalMind/frontend/src/app/components/manager/ManagerDashboard.tsx",
    "statementMap": {
      "0": {
        "start": {
          "line": 3,
          "column": 20
        },
        "end": {
          "line": 3,
          "column": 97
        }
      },
      "1": {
        "start": {
          "line": 6,
          "column": 0
        },
        "end": {
          "line": 16,
          "column": 1
        }
      },
      "2": {
        "start": {
          "line": 7,
          "column": 2
        },
        "end": {
          "line": 11,
          "column": 3
        }
      },
      "3": {
        "start": {
          "line": 8,
          "column": 4
        },
        "end": {
          "line": 10,
          "column": 6
        }
      },
      "4": {
        "start": {
          "line": 12,
          "column": 2
        },
        "end": {
          "line": 12,
          "column": 39
        }
      },
      "5": {
        "start": {
          "line": 13,
          "column": 2
        },
        "end": {
          "line": 13,
          "column": 39
        }
      },
      "6": {
        "start": {
          "line": 14,
          "column": 2
        },
        "end": {
          "line": 14,
          "column": 135
        }
      },
      "7": {
        "start": {
          "line": 15,
          "column": 2
        },
        "end": {
          "line": 15,
          "column": 75
        }
      },
      "8": {
        "start": {
          "line": 50,
          "column": 29
        },
        "end": {
          "line": 50,
          "column": 98
        }
      },
      "9": {
        "start": {
          "line": 50,
          "column": 66
        },
        "end": {
          "line": 50,
          "column": 97
        }
      },
      "10": {
        "start": {
          "line": 51,
          "column": 22
        },
        "end": {
          "line": 51,
          "column": 95
        }
      },
      "11": {
        "start": {
          "line": 51,
          "column": 63
        },
        "end": {
          "line": 51,
          "column": 94
        }
      },
      "12": {
        "start": {
          "line": 52,
          "column": 2
        },
        "end": {
          "line": 728,
          "column": 11
        }
      },
      "13": {
        "start": {
          "line": 291,
          "column": 48
        },
        "end": {
          "line": 295,
          "column": 22
        }
      },
      "14": {
        "start": {
          "line": 316,
          "column": 36
        },
        "end": {
          "line": 336,
          "column": 18
        }
      },
      "15": {
        "start": {
          "line": 385,
          "column": 44
        },
        "end": {
          "line": 389,
          "column": 18
        }
      },
      "16": {
        "start": {
          "line": 499,
          "column": 44
        },
        "end": {
          "line": 570,
          "column": 18
        }
      },
      "17": {
        "start": {
          "line": 593,
          "column": 43
        },
        "end": {
          "line": 708,
          "column": 11
        }
      },
      "18": {
        "start": {
          "line": 730,
          "column": 0
        },
        "end": {
          "line": 730,
          "column": 22
        }
      },
      "19": {
        "start": {
          "line": 732,
          "column": 0
        },
        "end": {
          "line": 732,
          "column": 37
        }
      },
      "20": {
        "start": {
          "line": 733,
          "column": 0
        },
        "end": {
          "line": 736,
          "column": 1
        }
      },
      "21": {
        "start": {
          "line": 734,
          "column": 2
        },
        "end": {
          "line": 734,
          "column": 39
        }
      },
      "22": {
        "start": {
          "line": 735,
          "column": 2
        },
        "end": {
          "line": 735,
          "column": 39
        }
      },
      "23": {
        "start": {
          "line": 737,
          "column": 0
        },
        "end": {
          "line": 746,
          "column": 1
        }
      },
      "24": {
        "start": {
          "line": 738,
          "column": 2
        },
        "end": {
          "line": 745,
          "column": 5
        }
      },
      "25": {
        "start": {
          "line": 739,
          "column": 4
        },
        "end": {
          "line": 739,
          "column": 148
        }
      },
      "26": {
        "start": {
          "line": 740,
          "column": 4
        },
        "end": {
          "line": 744,
          "column": 7
        }
      },
      "27": {
        "start": {
          "line": 741,
          "column": 6
        },
        "end": {
          "line": 741,
          "column": 31
        }
      },
      "28": {
        "start": {
          "line": 741,
          "column": 24
        },
        "end": {
          "line": 741,
          "column": 31
        }
      },
      "29": {
        "start": {
          "line": 742,
          "column": 32
        },
        "end": {
          "line": 742,
          "column": 197
        }
      },
      "30": {
        "start": {
          "line": 743,
          "column": 6
        },
        "end": {
          "line": 743,
          "column": 75
        }
      },
      "31": {
        "start": {
          "line": 743,
          "column": 29
        },
        "end": {
          "line": 743,
          "column": 75
        }
      }
    },
    "fnMap": {
      "0": {
        "name": "ManagerDashboard",
        "decl": {
          "start": {
            "line": 49,
            "column": 16
          },
          "end": {
            "line": 49,
            "column": 32
          }
        },
        "loc": {
          "start": {
            "line": 49,
            "column": 35
          },
          "end": {
            "line": 729,
            "column": 1
          }
        },
        "line": 49
      },
      "1": {
        "name": "(anonymous_1)",
        "decl": {
          "start": {
            "line": 50,
            "column": 56
          },
          "end": {
            "line": 50,
            "column": 57
          }
        },
        "loc": {
          "start": {
            "line": 50,
            "column": 66
          },
          "end": {
            "line": 50,
            "column": 97
          }
        },
        "line": 50
      },
      "2": {
        "name": "(anonymous_2)",
        "decl": {
          "start": {
            "line": 51,
            "column": 53
          },
          "end": {
            "line": 51,
            "column": 54
          }
        },
        "loc": {
          "start": {
            "line": 51,
            "column": 63
          },
          "end": {
            "line": 51,
            "column": 94
          }
        },
        "line": 51
      },
      "3": {
        "name": "(anonymous_3)",
        "decl": {
          "start": {
            "line": 291,
            "column": 14
          },
          "end": {
            "line": 291,
            "column": 15
          }
        },
        "loc": {
          "start": {
            "line": 291,
            "column": 48
          },
          "end": {
            "line": 295,
            "column": 22
          }
        },
        "line": 291
      },
      "4": {
        "name": "(anonymous_4)",
        "decl": {
          "start": {
            "line": 316,
            "column": 10
          },
          "end": {
            "line": 316,
            "column": 11
          }
        },
        "loc": {
          "start": {
            "line": 316,
            "column": 36
          },
          "end": {
            "line": 336,
            "column": 18
          }
        },
        "line": 316
      },
      "5": {
        "name": "(anonymous_5)",
        "decl": {
          "start": {
            "line": 385,
            "column": 10
          },
          "end": {
            "line": 385,
            "column": 11
          }
        },
        "loc": {
          "start": {
            "line": 385,
            "column": 44
          },
          "end": {
            "line": 389,
            "column": 18
          }
        },
        "line": 385
      },
      "6": {
        "name": "(anonymous_6)",
        "decl": {
          "start": {
            "line": 499,
            "column": 10
          },
          "end": {
            "line": 499,
            "column": 11
          }
        },
        "loc": {
          "start": {
            "line": 499,
            "column": 44
          },
          "end": {
            "line": 570,
            "column": 18
          }
        },
        "line": 499
[...]
            "start": {
              "line": 29,
              "column": 23
            },
            "end": {
              "line": 29,
              "column": 35
            }
          }
        ],
        "line": 29
      },
      "6": {
        "loc": {
          "start": {
            "line": 33,
            "column": 0
          },
          "end": {
            "line": 42,
            "column": 1
          }
        },
        "type": "if",
        "locations": [
          {
            "start": {
              "line": 33,
              "column": 0
            },
            "end": {
              "line": 42,
              "column": 1
            }
          },
          {
            "start": {},
            "end": {}
          }
        ],
        "line": 33
      },
      "7": {
        "loc": {
          "start": {
            "line": 33,
            "column": 4
          },
          "end": {
            "line": 33,
            "column": 35
          }
        },
        "type": "binary-expr",
        "locations": [
          {
            "start": {
              "line": 33,
              "column": 4
            },
            "end": {
              "line": 33,
              "column": 19
            }
          },
          {
            "start": {
              "line": 33,
              "column": 23
            },
            "end": {
              "line": 33,
              "column": 35
            }
          }
        ],
        "line": 33
      },
      "8": {
        "loc": {
          "start": {
            "line": 37,
            "column": 6
          },
          "end": {
            "line": 37,
            "column": 31
          }
        },
        "type": "if",
        "locations": [
          {
            "start": {
              "line": 37,
              "column": 6
            },
            "end": {
              "line": 37,
              "column": 31
            }
          },
          {
            "start": {},
            "end": {}
          }
        ],
        "line": 37
      },
      "9": {
        "loc": {
          "start": {
            "line": 39,
            "column": 6
          },
          "end": {
            "line": 39,
            "column": 75
          }
        },
        "type": "if",
        "locations": [
          {
            "start": {
              "line": 39,
              "column": 6
            },
            "end": {
              "line": 39,
              "column": 75
            }
          },
          {
            "start": {},
            "end": {}
          }
        ],
        "line": 39
      }
    },
    "s": {
      "0": 390,
      "1": 390,
      "2": 390,
      "3": 0,
      "4": 390,
      "5": 390,
      "6": 390,
      "7": 390,
      "8": 390,
      "9": 390,
      "10": 390,
      "11": 390,
      "12": 390,
      "13": 390,
      "14": 390,
      "15": 390,
      "16": 264,
      "17": 264,
      "18": 0,
      "19": 0,
      "20": 0,
      "21": 0,
      "22": 0
    },
    "f": {
      "0": 390,
      "1": 264,
      "2": 0
    },
    "b": {
      "0": [
        390,
        0
      ],
      "1": [
        390,
        0
      ],
      "2": [
        390,
        390
      ],
      "3": [
        0,
        390
      ],
      "4": [
        390,
        0
      ],
      "5": [
        390,
        390
      ],
      "6": [
        390,
        0
      ],
      "7": [
        390,
        390
      ],
      "8": [
        0,
        0
      ],
      "9": [
        0,
        0
      ]
    },
    "inputSourceMap": {
      "version": 3,
      "mappings": "AAIS;;;;;;;;;;;;;;;;AAJT,SAASA,sBAAsB;AAC/B,SAASC,cAAc;AAEvB,wBAAwBC,MAAM;AAC5B,SAAO,uBAAC,kBAAe,UAAhB;AAAA;AAAA;AAAA;AAAA,SAA+B;AACxC;AAACC,KAFuBD;AAAG,IAAAC;AAAA,aAAAA,IAAA",
      "names": [
        "RouterProvider",
        "router",
        "App",
        "_c"
      ],
      "ignoreList": [],
      "sources": [
        "G:/projects/VocalMind/frontend/src/app/App.tsx"
      ],
      "file": "G:/projects/VocalMind/frontend/src/app/App.tsx"
    },
    "_coverageSchema": "1a1c01bbd47fc00a2c39e90264f33305004495a9",
    "hash": "c7f79af69148286a9c6c04cca8bcfb342c7eb8f1"
  },
  "G:/projects/VocalMind/frontend/src/main.tsx": {
    "path": "G:/projects/VocalMind/frontend/src/main.tsx",
    "statementMap": {
      "0": {
        "start": {
          "line": 5,
          "column": 0
        },
        "end": {
          "line": 9,
          "column": 10
        }
      }
    },
    "fnMap": {},
    "branchMap": {},
    "s": {
      "0": 390
    },
    "f": {},
    "b": {},
    "inputSourceMap": {
      "version": 3,
      "mappings": "AAKsD;AAJpD,SAASA,kBAAkB;AAC3B,OAAOC,SAAS;AAChB,OAAO;AAEPD,WAAWE,SAASC,eAAe,MAAM,CAAE,EAAEC,OAAO,uBAAC,SAAD;AAAA;AAAA;AAAA;AAAA,OAAI,CAAG",
      "names": [
        "createRoot",
        "App",
        "document",
        "getElementById",
        "render"
      ],
      "ignoreList": [],
      "sources": [
        "G:/projects/VocalMind/frontend/src/main.tsx"
      ],
      "file": "G:/projects/VocalMind/frontend/src/main.tsx"
    },
    "_coverageSchema": "1a1c01bbd47fc00a2c39e90264f33305004495a9",
    "hash": "90e9f238ca19bc28169e60b14de27efa38ff83c9"
  },
  "G:/projects/VocalMind/frontend/coverage/block-navigation.js": {
    "path": "G:/projects/VocalMind/frontend/coverage/block-navigation.js",
    "statementMap": {},
    "fnMap": {},
    "branchMap": {},
    "s": {},
    "f": {},
    "b": {}
  },
  "G:/projects/VocalMind/frontend/coverage/lcov-report/block-navigation.js": {
    "path": "G:/projects/VocalMind/frontend/coverage/lcov-report/block-navigation.js",
    "statementMap": {},
    "fnMap": {},
    "branchMap": {},
    "s": {},
    "f": {},
    "b": {}
  },
  "G:/projects/VocalMind/frontend/coverage/lcov-report/prettify.js": {
    "path": "G:/projects/VocalMind/frontend/coverage/lcov-report/prettify.js",
    "statementMap": {},
    "fnMap": {},
    "branchMap": {},
    "s": {},
    "f": {},
    "b": {}
  },
  "G:/projects/VocalMind/frontend/coverage/lcov-report/sorter.js": {
    "path": "G:/projects/VocalMind/frontend/coverage/lcov-report/sorter.js",
    "statementMap": {},
    "fnMap": {},
    "branchMap": {},
    "s": {},
    "f": {},
    "b": {}
  },
  "G:/projects/VocalMind/frontend/coverage/prettify.js": {
    "path": "G:/projects/VocalMind/frontend/coverage/prettify.js",
    "statementMap": {},
    "fnMap": {},
    "branchMap": {},
    "s": {},
    "f": {},
    "b": {}
  },
  "G:/projects/VocalMind/frontend/coverage/sorter.js": {
    "path": "G:/projects/VocalMind/frontend/coverage/sorter.js",
    "statementMap": {},
    "fnMap": {},
    "branchMap": {},
    "s": {},
    "f": {},
    "b": {}
  },
  "G:/projects/VocalMind/frontend/cypress.config.ts": {
    "path": "G:/projects/VocalMind/frontend/cypress.config.ts",
    "statementMap": {},
    "fnMap": {},
    "branchMap": {},
    "s": {},
    "f": {},
    "b": {}
  },
  "G:/projects/VocalMind/frontend/postcss.config.mjs": {
    "path": "G:/projects/VocalMind/frontend/postcss.config.mjs",
    "statementMap": {},
    "fnMap": {},
    "branchMap": {},
    "s": {},
    "f": {},
    "b": {}
  },
  "G:/projects/VocalMind/frontend/src/app/components/figma/ImageWithFallback.tsx": {
    "path": "G:/projects/VocalMind/frontend/src/app/components/figma/ImageWithFallback.tsx",
    "statementMap": {},
    "fnMap": {},
    "branchMap": {},
    "s": {},
    "f": {},
    "b": {}
  },
  "G:/projects/VocalMind/frontend/src/app/components/ui/accordion.tsx": {
    "path": "G:/projects/VocalMind/frontend/src/app/components/ui/accordion.tsx",
    "statementMap": {},
    "fnMap": {},
    "branchMap": {},
    "s": {},
    "f": {},
    "b": {}
  },
  "G:/projects/VocalMind/frontend/src/app/components/ui/alert-dialog.tsx": {
    "path": "G:/projects/VocalMind/frontend/src/app/components/ui/alert-dialog.tsx",
    "statementMap": {},
    "fnMap": {},
    "branchMap": {},
    "s": {},
    "f": {},
    "b": {}
  },
  "G:/projects/VocalMind/frontend/src/app/components/ui/alert.tsx": {
    "path": "G:/projects/VocalMind/frontend/src/app/components/ui/alert.tsx",
    "statementMap": {},
    "fnMap": {},
    "branchMap": {},
    "s": {},
    "f": {},
    "b": {}
  },
  "G:/projects/VocalMind/frontend/src/app/components/ui/aspect-ratio.tsx": {
    "path": "G:/projects/VocalMind/frontend/src/app/components/ui/aspect-ratio.tsx",
    "statementMap": {},
    "fnMap": {},
    "branchMap": {},
    "s": {},
    "f": {},
    "b": {}
  },
  "G:/projects/VocalMind/frontend/src/app/components/ui/avatar.tsx": {
    "path": "G:/projects/VocalMind/frontend/src/app/components/ui/avatar.tsx",
    "statementMap": {},
    "fnMap": {},
    "branchMap": {},
    "s": {},
    "f": {},
    "b": {}
  },
  "G:/projects/VocalMind/frontend/src/app/components/ui/badge.tsx": {
    "path": "G:/projects/VocalMind/frontend/src/app/components/ui/badge.tsx",
    "statementMap": {},
    "fnMap": {},
    "branchMap": {},
    "s": {},
    "f": {},
    "b": {}
  },
  "G:/projects/VocalMind/frontend/src/app/components/ui/breadcrumb.tsx": {
    "path": "G:/projects/VocalMind/frontend/src/app/components/ui/breadcrumb.tsx",
    "statementMap": {},
    "fnMap": {},
    "branchMap": {},
    "s": {},
    "f": {},
    "b": {}
  },
  "G:/projects/VocalMind/frontend/src/app/components/ui/button.tsx": {
    "path": "G:/projects/VocalMind/frontend/src/app/components/ui/button.tsx",
    "statementMap": {},
    "fnMap": {},
    "branchMap": {},
    "s": {},
    "f": {},
    "b": {}
  },
  "G:/projects/VocalMind/frontend/src/app/components/ui/calendar.tsx": {
    "path": "G:/projects/VocalMind/frontend/src/app/components/ui/calendar.tsx",
    "statementMap": {},
    "fnMap": {},
    "branchMap": {},
    "s": {},
    "f": {},
    "b": {}
  },
  "G:/projects/VocalMind/frontend/src/app/components/ui/card.tsx": {
    "path": "G:/projects/VocalMind/frontend/src/app/components/ui/card.tsx",
    "statementMap": {},
    "fnMap": {},
    "branchMap": {},
    "s": {},
    "f": {},
    "b": {}
  },
  "G:/projects/VocalMind/frontend/src/app/components/ui/carousel.tsx": {
    "path": "G:/projects/VocalMind/frontend/src/app/components/ui/carousel.tsx",
    "statementMap": {},
    "fnMap": {},
    "branchMap": {},
    "s": {},
    "f": {},
    "b": {}
  },
  "G:/projects/VocalMind/frontend/src/app/components/ui/chart.tsx": {
    "path": "G:/projects/VocalMind/frontend/src/app/components/ui/chart.tsx",
    "statementMap": {},
    "fnMap": {},
    "branchMap": {},
    "s": {},
    "f": {},
    "b": {}
  },
  "G:/projects/VocalMind/frontend/src/app/components/ui/checkbox.tsx": {
    "path": "G:/projects/VocalMind/frontend/src/app/components/ui/checkbox.tsx",
    "statementMap": {},
    "fnMap": {},
    "branchMap": {},
    "s": {},
    "f": {},
    "b": {}
  },
  "G:/projects/VocalMind/frontend/src/app/components/ui/collapsible.tsx": {
    "path": "G:/projects/VocalMind/frontend/src/app/components/ui/collapsible.tsx",
    "statementMap": {},
    "fnMap": {},
    "branchMap": {},
    "s": {},
    "f": {},
    "b": {}
  },
  "G:/projects/VocalMind/frontend/src/app/components/ui/command.tsx": {
    "path": "G:/projects/VocalMind/frontend/src/app/components/ui/command.tsx",
    "statementMap": {},
    "fnMap": {},
    "branchMap": {},
    "s": {},
    "f": {},
    "b": {}
  },
  "G:/projects/VocalMind/frontend/src/app/components/ui/context-menu.tsx": {
    "path": "G:/projects/VocalMind/frontend/src/app/components/ui/context-menu.tsx",
    "statementMap": {},
    "fnMap": {},
    "branchMap": {},
    "s": {},
    "f": {},
    "b": {}
  },
  "G:/projects/VocalMind/frontend/src/app/components/ui/dialog.tsx": {
    "path": "G:/projects/VocalMind/frontend/src/app/components/ui/dialog.tsx",
    "statementMap": {},
    "fnMap": {},
    "branchMap": {},
    "s": {},
    "f": {},
    "b": {}
  },
  "G:/projects/VocalMind/frontend/src/app/components/ui/drawer.tsx": {
    "path": "G:/projects/VocalMind/frontend/src/app/components/ui/drawer.tsx",
    "statementMap": {},
    "fnMap": {},
    "branchMap": {},
    "s": {},
    "f": {},
    "b": {}
  },
  "G:/projects/VocalMind/frontend/src/app/components/ui/dropdown-menu.tsx": {
    "path": "G:/projects/VocalMind/frontend/src/app/components/ui/dropdown-menu.tsx",
    "statementMap": {},
    "fnMap": {},
    "branchMap": {},
    "s": {},
    "f": {},
    "b": {}
  },
  "G:/projects/VocalMind/frontend/src/app/components/ui/form.tsx": {
    "path": "G:/projects/VocalMind/frontend/src/app/components/ui/form.tsx",
    "statementMap": {},
    "fnMap": {},
    "branchMap": {},
    "s": {},
    "f": {},
    "b": {}
  },
  "G:/projects/VocalMind/frontend/src/app/components/ui/hover-card.tsx": {
    "path": "G:/projects/VocalMind/frontend/src/app/components/ui/hover-card.tsx",
    "statementMap": {},
    "fnMap": {},
    "branchMap": {},
    "s": {},
    "f": {},
    "b": {}
  },
  "G:/projects/VocalMind/frontend/src/app/components/ui/input-otp.tsx": {
    "path": "G:/projects/VocalMind/frontend/src/app/components/ui/input-otp.tsx",
    "statementMap": {},
    "fnMap": {},
    "branchMap": {},
    "s": {},
    "f": {},
    "b": {}
  },
  "G:/projects/VocalMind/frontend/src/app/components/ui/input.tsx": {
    "path": "G:/projects/VocalMind/frontend/src/app/components/ui/input.tsx",
    "statementMap": {},
    "fnMap": {},
    "branchMap": {},
    "s": {},
    "f": {},
    "b": {}
  },
  "G:/projects/VocalMind/frontend/src/app/components/ui/label.tsx": {
    "path": "G:/projects/VocalMind/frontend/src/app/components/ui/label.tsx",
    "statementMap": {},
    "fnMap": {},
    "branchMap": {},
    "s": {},
    "f": {},
    "b": {}
  },
  "G:/projects/VocalMind/frontend/src/app/components/ui/menubar.tsx": {
    "path": "G:/projects/VocalMind/frontend/src/app/components/ui/menubar.tsx",
    "statementMap": {},
    "fnMap": {},
    "branchMap": {},
    "s": {},
    "f": {},
    "b": {}
  },
  "G:/projects/VocalMind/frontend/src/app/components/ui/navigation-menu.tsx": {
    "path": "G:/projects/VocalMind/frontend/src/app/components/ui/navigation-menu.tsx",
    "statementMap": {},
    "fnMap": {},
    "branchMap": {},
    "s": {},
    "f": {},
    "b": {}
  },
  "G:/projects/VocalMind/frontend/src/app/components/ui/pagination.tsx": {
    "path": "G:/projects/VocalMind/frontend/src/app/components/ui/pagination.tsx",
    "statementMap": {},
    "fnMap": {},
    "branchMap": {},
    "s": {},
    "f": {},
    "b": {}
  },
  "G:/projects/VocalMind/frontend/src/app/components/ui/popover.tsx": {
    "path": "G:/projects/VocalMind/frontend/src/app/components/ui/popover.tsx",
    "statementMap": {},
    "fnMap": {},
    "branchMap": {},
    "s": {},
    "f": {},
    "b": {}
  },
  "G:/projects/VocalMind/frontend/src/app/components/ui/progress.tsx": {
    "path": "G:/projects/VocalMind/frontend/src/app/components/ui/progress.tsx",
    "statementMap": {},
    "fnMap": {},
    "branchMap": {},
    "s": {},
    "f": {},
    "b": {}
  },
  "G:/projects/VocalMind/frontend/src/app/components/ui/radio-group.tsx": {
    "path": "G:/projects/VocalMind/frontend/src/app/components/ui/radio-group.tsx",
    "statementMap": {},
    "fnMap": {},
    "branchMap": {},
    "s": {},
    "f": {},
    "b": {}
  },
  "G:/projects/VocalMind/frontend/src/app/components/ui/resizable.tsx": {
    "path": "G:/projects/VocalMind/frontend/src/app/components/ui/resizable.tsx",
    "statementMap": {},
    "fnMap": {},
    "branchMap": {},
    "s": {},
    "f": {},
    "b": {}
  },
  "G:/projects/VocalMind/frontend/src/app/components/ui/scroll-area.tsx": {
    "path": "G:/projects/VocalMind/frontend/src/app/components/ui/scroll-area.tsx",
    "statementMap": {},
    "fnMap": {},
    "branchMap": {},
    "s": {},
    "f": {},
    "b": {}
  },
  "G:/projects/VocalMind/frontend/src/app/components/ui/select.tsx": {
    "path": "G:/projects/VocalMind/frontend/src/app/components/ui/select.tsx",
    "statementMap": {},
    "fnMap": {},
    "branchMap": {},
    "s": {},
    "f": {},
    "b": {}
  },
  "G:/projects/VocalMind/frontend/src/app/components/ui/separator.tsx": {
    "path": "G:/projects/VocalMind/frontend/src/app/components/ui/separator.tsx",
    "statementMap": {},
    "fnMap": {},
    "branchMap": {},
    "s": {},
    "f": {},
    "b": {}
  },
  "G:/projects/VocalMind/frontend/src/app/components/ui/sheet.tsx": {
    "path": "G:/projects/VocalMind/frontend/src/app/components/ui/sheet.tsx",
    "statementMap": {},
    "fnMap": {},
    "branchMap": {},
    "s": {},
    "f": {},
    "b": {}
  },
  "G:/projects/VocalMind/frontend/src/app/components/ui/sidebar.tsx": {
    "path": "G:/projects/VocalMind/frontend/src/app/components/ui/sidebar.tsx",
    "statementMap": {},
    "fnMap": {},
    "branchMap": {},
    "s": {},
    "f": {},
    "b": {}
  },
  "G:/projects/VocalMind/frontend/src/app/components/ui/skeleton.tsx": {
    "path": "G:/projects/VocalMind/frontend/src/app/components/ui/skeleton.tsx",
    "statementMap": {},
    "fnMap": {},
    "branchMap": {},
    "s": {},
    "f": {},
    "b": {}
  },
  "G:/projects/VocalMind/frontend/src/app/components/ui/slider.tsx": {
    "path": "G:/projects/VocalMind/frontend/src/app/components/ui/slider.tsx",
    "statementMap": {},
    "fnMap": {},
    "branchMap": {},
    "s": {},
    "f": {},
    "b": {}
  },
  "G:/projects/VocalMind/frontend/src/app/components/ui/sonner.tsx": {
    "path": "G:/projects/VocalMind/frontend/src/app/components/ui/sonner.tsx",
    "statementMap": {},
    "fnMap": {},
    "branchMap": {},
    "s": {},
    "f": {},
    "b": {}
  },
  "G:/projects/VocalMind/frontend/src/app/components/ui/table.tsx": {
    "path": "G:/projects/VocalMind/frontend/src/app/components/ui/table.tsx",
    "statementMap": {},
    "fnMap": {},
    "branchMap": {},
    "s": {},
    "f": {},
    "b": {}
  },
  "G:/projects/VocalMind/frontend/src/app/components/ui/tabs.tsx": {
    "path": "G:/projects/VocalMind/frontend/src/app/components/ui/tabs.tsx",
    "statementMap": {},
    "fnMap": {},
    "branchMap": {},
    "s": {},
    "f": {},
    "b": {}
  },
  "G:/projects/VocalMind/frontend/src/app/components/ui/textarea.tsx": {
    "path": "G:/projects/VocalMind/frontend/src/app/components/ui/textarea.tsx",
    "statementMap": {},
    "fnMap": {},
    "branchMap": {},
    "s": {},
    "f": {},
    "b": {}
  },
  "G:/projects/VocalMind/frontend/src/app/components/ui/toggle-group.tsx": {
    "path": "G:/projects/VocalMind/frontend/src/app/components/ui/toggle-group.tsx",
    "statementMap": {},
    "fnMap": {},
    "branchMap": {},
    "s": {},
    "f": {},
    "b": {}
  },
  "G:/projects/VocalMind/frontend/src/app/components/ui/toggle.tsx": {
    "path": "G:/projects/VocalMind/frontend/src/app/components/ui/toggle.tsx",
    "statementMap": {},
    "fnMap": {},
    "branchMap": {},
    "s": {},
    "f": {},
    "b": {}
  },
  "G:/projects/VocalMind/frontend/src/app/components/ui/tooltip.tsx": {
    "path": "G:/projects/VocalMind/frontend/src/app/components/ui/tooltip.tsx",
    "statementMap": {},
    "fnMap": {},
    "branchMap": {},
    "s": {},
    "f": {},
    "b": {}
  },
  "G:/projects/VocalMind/frontend/src/app/components/ui/use-mobile.ts": {
    "path": "G:/projects/VocalMind/frontend/src/app/components/ui/use-mobile.ts",
    "statementMap": {},
    "fnMap": {},
    "branchMap": {},
    "s": {},
    "f": {},
    "b": {}
  },
  "G:/projects/VocalMind/frontend/vite.config.ts": {
    "path": "G:/projects/VocalMind/frontend/vite.config.ts",
    "statementMap": {},
    "fnMap": {},
    "branchMap": {},
    "s": {},
    "f": {},
    "b": {}
  },
  "G:/projects/VocalMind/frontend/vitest.config.ts": {
    "path": "G:/projects/VocalMind/frontend/vitest.config.ts",
    "statementMap": {},
    "fnMap": {},
    "branchMap": {},
    "s": {},
    "f": {},
    "b": {}
  },
  "G:/projects/VocalMind/frontend/vitest.setup.tsx": {
    "path": "G:/projects/VocalMind/frontend/vitest.setup.tsx",
    "statementMap": {},
    "fnMap": {},
    "branchMap": {},
    "s": {},
    "f": {},
    "b": {}
  }
}